# Bitnodes short version https://bitnodes.io/api/v1/snapshots/
# Time 1623619446
IP Address|Port|Protocol Version|User Agent|Connected Since|Height|Hostname|Country Code|ASN|Organization Name
22avjqm5gdejvkny.onion|8333|70015|/Satoshi:0.20.0/|1623616041|687459|None|None|TOR|Tor network
25ki4n3pdunhgozbrwof4ot7a6b5bersvb6bjoqjdmy4swxh6pcnhlad.onion|8333|70016|/Satoshi:0.21.1/|1623616015|687459|None|None|TOR|Tor network
26ywgrbwihncu2ie.onion|8333|70015|/Satoshi:0.18.1/|1623616028|687458|None|None|TOR|Tor network
2b5td6tnif5gpp6g.onion|8333|70015|/Satoshi:0.20.1/|1623616014|687458|None|None|TOR|Tor network
2cinr6kgp7f2sefm.onion|8333|70015|/Satoshi:0.18.0/|1623616019|687459|None|None|TOR|Tor network
2dcllvc64c5m6uaa.onion|8333|70015|/Satoshi:0.20.0/|1623616047|687459|None|None|TOR|Tor network
2hkhfusgds7tn6yu.onion|8333|70015|/Satoshi:0.20.0/|1623616016|687458|None|None|TOR|Tor network
2jljmug3dfaqsvhe.onion|8333|70015|/Satoshi:0.20.1/|1623616369|687459|None|None|TOR|Tor network
2pyd6wa3mpurgeonqfgtr6jerqfuhzisrn4ouvkop66qxpfquyx4hrad.onion|8333|70016|/Satoshi:0.21.0/|1623616368|687459|None|None|TOR|Tor network
2sexf2s5ysirkd3b.onion|8333|70015|/Satoshi:0.20.1/|1623616368|687460|None|None|TOR|Tor network
2wpycic7b5nxbo54.onion|8333|70015|/Satoshi:0.20.1/|1623616018|687459|None|None|TOR|Tor network
2x3bu7qxbulq3amf.onion|8333|70015|/Satoshi:0.19.1/|1623616014|687458|None|None|TOR|Tor network
35ln36me4ptwudbf.onion|8333|70015|/Satoshi:0.18.1/|1623615595|687458|None|None|TOR|Tor network
37wddzd4kckkx6ru.onion|8333|70015|/Satoshi:0.20.1/|1623616012|687459|None|None|TOR|Tor network
3e5t7hq4alt5tovx.onion|8333|70015|/Satoshi:0.20.1/|1623616014|687458|None|None|TOR|Tor network
3ecoqbccqxb447vs.onion|8333|70015|/Satoshi:0.20.0/|1623616012|687462|None|None|TOR|Tor network
3lrmgf2wvzxvxhss.onion|8333|70015|/Satoshi:0.20.0/|1623617963|687462|None|None|TOR|Tor network
3pwc3jxmzb5ilnew.onion|8333|70015|/Satoshi:0.19.0.1/|1623616371|687459|None|None|TOR|Tor network
3rr4xylof7r74lf72wgkto2gwgcfz3wstzhtcqpq2f4xi6g27o6d62yd.onion|8333|70016|/Satoshi:0.21.0/|1623616011|687458|None|None|TOR|Tor network
3u5yw7qzrbkupodl.onion|8333|70015|/Satoshi:0.20.0/|1623616012|687460|None|None|TOR|Tor network
3ujobkkblte4hgdx.onion|8333|70015|/Satoshi:0.20.0/|1623616368|687459|None|None|TOR|Tor network
3xlrjfxbigxoigo4.onion|8333|70015|/Satoshi:0.20.0/|1623616022|687459|None|None|TOR|Tor network
44hynxhheho34fy3.onion|8333|70015|/Satoshi:0.20.2/|1623616016|687458|None|None|TOR|Tor network
45c7hyqqm4trwdhr.onion|8333|70015|/Satoshi:0.20.0/|1623616017|687458|None|None|TOR|Tor network
473znnouiiikuklg.onion|8333|70015|/Satoshi:0.20.1/|1623616027|687458|None|None|TOR|Tor network
4crhf372poejlc44.onion|8333|70016|/Satoshi:0.21.1/|1623616368|687459|None|None|TOR|Tor network
4doizzokhhz5nmki.onion|8333|70015|/Satoshi:0.20.0/|1623615586|0|None|None|TOR|Tor network
4ms37w4f7oo6tzpz.onion|8333|70016|/Satoshi:0.21.1/|1623616015|687462|None|None|TOR|Tor network
4romrdxmfs6dh7ln.onion|8333|70015|/Satoshi:0.20.0/|1623616017|687459|None|None|TOR|Tor network
5exaoqovej5d2zgn.onion|8333|70016|/Satoshi:0.21.1/|1623616368|687459|None|None|TOR|Tor network
5jm2z2itn3xlcmdw.onion|8333|70015|/Satoshi:0.20.1/|1623616014|687460|None|None|TOR|Tor network
5m7yzjva7qs6gagf.onion|8333|70015|/Satoshi:0.20.0/|1623616017|687458|None|None|TOR|Tor network
5o5wexjmssy5cvru.onion|8333|70015|/Satoshi:0.18.1/|1623616009|687459|None|None|TOR|Tor network
5oqstxspzhlgjef6.onion|8333|70015|/Satoshi:0.19.1/|1623616020|687458|None|None|TOR|Tor network
5pkfb64qelzspcz3.onion|8333|70015|/Satoshi:0.20.1/|1623616012|687458|None|None|TOR|Tor network
6aqgtfzmjczfosnk.onion|8333|70015|/Satoshi:0.20.0/|1623616008|687458|None|None|TOR|Tor network
6eis7bizled3jprh.onion|8333|70015|/Satoshi:0.20.0/|1623616013|687458|None|None|TOR|Tor network
6gdjnmyw2fjrdh2x.onion|8333|70015|/Satoshi:0.20.0/|1623616016|687458|None|None|TOR|Tor network
6grk62tk5a3gvfhs.onion|8333|70015|/Satoshi:0.20.0/|1623616016|687458|None|None|TOR|Tor network
6hhb4udcceiavpks.onion|8333|70015|/Satoshi:0.20.0/|1623616014|687462|None|None|TOR|Tor network
6iuxrsrych7mq4vf.onion|8333|70015|/Satoshi:0.20.1/|1623616014|687458|None|None|TOR|Tor network
6maigxjvcet4pite.onion|8333|70015|/Satoshi:0.20.1/|1623616017|687458|None|None|TOR|Tor network
6q6vy42wwlfxspmp.onion|8333|70015|/Satoshi:0.20.1/|1623616367|687460|None|None|TOR|Tor network
6utp3hcdsqoyzbjk.onion|8333|70015|/Satoshi:0.20.0/|1623616015|687458|None|None|TOR|Tor network
6vnv24koxmoyvouw.onion|8333|70016|/Satoshi:0.21.0/|1623616019|687458|None|None|TOR|Tor network
72xyu4so54gvodarnsxtkpopc7gx366p3gjucq57uk5335zrtccya3qd.onion|8333|70016|/Satoshi:0.21.1/|1623616367|687460|None|None|TOR|Tor network
75a5ntxhdcwvstkfvetlywhj5lwnl7v3eyaz7hu2qgahc74gd3wuljid.onion|8333|70016|/Satoshi:0.21.1/|1623617959|687462|None|None|TOR|Tor network
76w2yxspkez2kffr.onion|8333|70016|/Satoshi:0.21.0/Knots:20210130/|1623616012|687459|None|None|TOR|Tor network
7bgmofy4ansl7gre.onion|8333|70015|/Satoshi:0.20.1/|1623616017|687459|None|None|TOR|Tor network
7gayougjbufmmzaqnpnhwj6awliwdhtq72yoe7f4t2d5atyywhpbnzid.onion|8333|70016|/Satoshi:0.21.1/|1623616366|687459|None|None|TOR|Tor network
7mxkjbzfz4y3zqq6.onion|8333|70015|/Satoshi:0.20.1/|1623616371|687460|None|None|TOR|Tor network
7qq5hemr5lspiiet.onion|8333|70015|/Satoshi:0.20.0/|1623617948|687462|None|None|TOR|Tor network
7wm4wso3wvatxnbt.onion|8333|70015|/Satoshi:0.19.1/|1623616022|687458|None|None|TOR|Tor network
7ytceycdjbzwqrpf.onion|8333|70015|/Satoshi:0.20.1/|1623616046|687460|None|None|TOR|Tor network
7zxyrwjqgb4ekuzv.onion|8333|70015|/Satoshi:0.20.0/|1623616021|687458|None|None|TOR|Tor network
a27bvhina4y23jxo.onion|8333|70016|/Satoshi:0.21.1/|1623616016|687458|None|None|TOR|Tor network
a4zn3qctkitlv6hp.onion|8333|70015|/Satoshi:0.20.1/|1623616042|687458|None|None|TOR|Tor network
acavfzdbzfmzcifi.onion|8333|70015|/Satoshi:0.20.1/|1623616016|687460|None|None|TOR|Tor network
aed2mp6isgbfzunr.onion|8333|70015|/Satoshi:0.20.0/|1623616009|687459|None|None|TOR|Tor network
afdttem6gemw54oa.onion|8333|70015|/Satoshi:0.18.1/|1623616014|687458|None|None|TOR|Tor network
agcxa7z3yhzjenzmx64y62m5atipzrrjzvrawnnfuuebve66dlgwkaid.onion|8333|70016|/Satoshi:0.21.0/|1623616017|687458|None|None|TOR|Tor network
aid4poo5hzod3ur5.onion|8333|70015|/Satoshi:0.20.1/|1623616010|687462|None|None|TOR|Tor network
ajw7j4cekrvvbpnr.onion|8333|70015|/Satoshi:0.20.0/|1623616014|687458|None|None|TOR|Tor network
am3gyyfynxzwyxhx.onion|8333|70016|/Satoshi:0.21.0/|1623616016|687458|None|None|TOR|Tor network
aqw7l535gkknmtrs.onion|8333|70015|/Satoshi:0.18.0/|1623616014|687459|None|None|TOR|Tor network
aqwv6jg4ivi5uca5.onion|8333|70015|/Satoshi:0.20.1/|1623617946|687462|None|None|TOR|Tor network
atnlwmemafhkeknt.onion|8333|70015|/Satoshi:0.20.1/|1623617948|687461|None|None|TOR|Tor network
auwsxmh3bi7kxkp6.onion|8333|70015|/Satoshi:0.18.1/|1623616018|687458|None|None|TOR|Tor network
awuvmifsunuhwmcr.onion|8333|70015|/Satoshi:0.19.0.1/|1623616012|687459|None|None|TOR|Tor network
b3ehesl7dk3aunfd.onion|8333|70015|/Satoshi:0.20.1/|1623616041|687458|None|None|TOR|Tor network
b4rstu4aqk6pjjm6b2l7w3bvwqnoi2uo3p2s3vbzzh6tauupdyumj2qd.onion|8333|70016|/Satoshi:0.21.0/|1623616009|687458|None|None|TOR|Tor network
b4wnkatidiyohida.onion|8333|70015|/Satoshi:0.20.0/|1623616014|687458|None|None|TOR|Tor network
bfv6xsv74fim4hhy.onion|8333|70015|/Satoshi:0.20.1/|1623616011|687458|None|None|TOR|Tor network
bipshowffo7i3ua7.onion|8333|70015|/Satoshi:0.20.1/|1623616041|687458|None|None|TOR|Tor network
bitcoinzi27kiwf6.onion|8333|70016|/Satoshi:0.21.1/|1623616014|687460|None|None|TOR|Tor network
blwbp7gfdffdsx4g.onion|8333|70015|/Satoshi:0.18.0/|1623615595|0|None|None|TOR|Tor network
bmkno4agth5d75cr.onion|8333|70015|/Satoshi:0.20.1/|1623618247|687462|None|None|TOR|Tor network
bnmbmnq7zjvrrao7.onion|8333|70015|/Satoshi:0.20.1/|1623616367|687461|None|None|TOR|Tor network
brgd3qjjkopmhbdb2g5c3xnfdkkfrc5rrf6uol5eecgrhfmbbvqf4bid.onion|8333|70016|/Satoshi:0.21.1/|1623616367|687459|None|None|TOR|Tor network
bufclvmaib5oxwzg.onion|8333|70015|/Satoshi:0.20.0/|1623616009|687458|None|None|TOR|Tor network
bvkbr4qudict4pv7.onion|8333|70015|/Satoshi:0.20.0/|1623616377|687459|None|None|TOR|Tor network
bylp4h3iibyw7eqj3zum4pwvmzvnpqqo753pcwvvfn77hcwxmbuzusyd.onion|8333|70016|/Satoshi:0.21.0/|1623616017|687458|None|None|TOR|Tor network
bys6pkkg6s2ce5fj.onion|8333|70015|/Satoshi:0.20.0/|1623616009|687458|None|None|TOR|Tor network
c2k4ojgwzd4fgqnh.onion|8333|70015|/Satoshi:0.20.1/|1623616017|687459|None|None|TOR|Tor network
caq54ablfbrnumdd.onion|8333|70015|/Satoshi:0.19.1/|1623616015|687458|None|None|TOR|Tor network
cb6xdfnshlb75jyc.onion|8333|70015|/Satoshi:0.18.0/|1623616019|687462|None|None|TOR|Tor network
cea6d74sj5f2zu37.onion|8333|70015|/Satoshi:0.20.1/|1623616017|687458|None|None|TOR|Tor network
ceekx3jhl4m3vauo.onion|8333|70015|/Satoshi:0.18.1/|1623616015|687460|None|None|TOR|Tor network
chahn3qvelfzfake.onion|8333|70015|/Satoshi:0.20.0/|1623617945|687462|None|None|TOR|Tor network
ckqqjmvfafoqe7yp.onion|8333|70015|/Satoshi:0.18.1/|1623615596|687461|None|None|TOR|Tor network
cncwik3tnd2ejm5z.onion|8333|70015|/Satoshi:0.19.0.1/|1623615595|0|None|None|TOR|Tor network
d2lo6ckhxatrdrow.onion|8333|70015|/Satoshi:0.20.1/|1623616019|687460|None|None|TOR|Tor network
d3v6yenxt2hx4dcx.onion|8333|70015|/Satoshi:0.20.0/|1623616022|687462|None|None|TOR|Tor network
d4lrkgc4r4hollxx.onion|8333|70015|/Satoshi:0.18.1/|1623616009|687458|None|None|TOR|Tor network
d6fan7afc3dc7lxi.onion|8333|70016|/Satoshi:21.99.0/|1623616019|687459|None|None|TOR|Tor network
dc6gfvlsyat7ts6y2m3zusaujpqcbap2ik226fkw4jbxplpbeymxckad.onion|8333|70016|/Satoshi:0.21.1/|1623616020|687460|None|None|TOR|Tor network
dcgmq654i5m2syxc.onion|8333|70015|/Satoshi:0.18.1/|1623616014|687458|None|None|TOR|Tor network
diurghxbowx3cius.onion|8333|70015|/Satoshi:0.18.1/|1623616016|687459|None|None|TOR|Tor network
dj6xnint6luqejka.onion|8333|70015|/Satoshi:0.18.0/|1623616014|687458|None|None|TOR|Tor network
do5bvj3mdwmklofw.onion|8333|70016|/Satoshi:0.21.0/|1623616016|687458|None|None|TOR|Tor network
dtorjhbck4jzbrjs.onion|8333|70015|/Satoshi:0.20.0/|1623616040|687458|None|None|TOR|Tor network
dtvexp7dw2dy6ttu.onion|8333|70015|/Satoshi:0.18.1/|1623616017|687458|None|None|TOR|Tor network
dxvkfjcfwq2zz6lk.onion|8333|70015|/Satoshi:0.20.1/|1623615627|687460|None|None|TOR|Tor network
dynjt2oda5mjslka.onion|8333|70015|/Satoshi:0.20.0/|1623617947|687462|None|None|TOR|Tor network
e4ct4lgs2d35jarw.onion|8333|70015|/Satoshi:0.17.1/|1623616018|687460|None|None|TOR|Tor network
e6cnxqjb2uvg3lfq.onion|8333|70015|/Satoshi:0.20.1/|1623616018|687460|None|None|TOR|Tor network
e7vhxxfmvbtdpdmz.onion|8333|70015|/Satoshi:0.18.1/|1623616367|687460|None|None|TOR|Tor network
ei5i2hgpxkf6n3kc.onion|8333|70015|/Satoshi:0.20.0/|1623616013|687460|None|None|TOR|Tor network
eighw3t7ufovb3l3.onion|8333|70015|/Satoshi:0.18.1/|1623616014|687459|None|None|TOR|Tor network
eiod46epj2tmyjpb.onion|8333|70015|/Satoshi:0.20.1/|1623616367|687459|None|None|TOR|Tor network
ekxsybivemhgggl7.onion|8333|70015|/Satoshi:0.20.0/|1623617955|687416|None|None|TOR|Tor network
elsbi4iqd3o64jsy.onion|8333|70015|/Satoshi:0.20.1/|1623616017|687460|None|None|TOR|Tor network
eml3mluicwtqqz5b.onion|8333|70015|/Satoshi:0.20.1/|1623616370|687461|None|None|TOR|Tor network
eoxghwbmfxtwj5ct.onion|8333|70015|/Satoshi:0.20.0/|1623615600|0|None|None|TOR|Tor network
eqck4mxtzkklbbdg.onion|8333|70015|/Satoshi:0.20.0/|1623616017|687458|None|None|TOR|Tor network
etyucjp5at26mgny.onion|8333|70015|/Satoshi:0.20.0/|1623616010|687458|None|None|TOR|Tor network
ewbirypmom5dw6ze.onion|8333|70015|/Satoshi:0.20.1/|1623616367|687459|None|None|TOR|Tor network
f3qlvdw2owlpxngr.onion|8333|70015|/Satoshi:0.20.1/|1623616045|687460|None|None|TOR|Tor network
f4a6bzrvrx5gkp7b.onion|8333|70015|/Satoshi:0.20.1/|1623616021|687459|None|None|TOR|Tor network
f4wb7qrpjeqqx5xr.onion|8333|70015|/Satoshi:0.20.0/|1623616014|687459|None|None|TOR|Tor network
f55uhohxxspp6mom.onion|8333|70015|/Satoshi:0.20.1/|1623616015|687459|None|None|TOR|Tor network
fb7m3uywd5gge6jb.onion|8333|70015|/Satoshi:0.20.1/|1623616014|687461|None|None|TOR|Tor network
fbehqbcx6bc3wrt4.onion|8333|70015|/Satoshi:0.20.1/|1623616006|687460|None|None|TOR|Tor network
fdvtlj3pscbxuh75.onion|8333|70015|/Satoshi:0.20.0/|1623616009|687461|None|None|TOR|Tor network
fe6yw72a7lx3wl5t.onion|8333|70015|/Satoshi:0.20.0/|1623615594|687458|None|None|TOR|Tor network
ffvyqz7kyyinz3hw.onion|8333|70015|/Satoshi:0.20.0/|1623616007|687458|None|None|TOR|Tor network
fizo6wcny744c3kifpk6z75gn77ac73r7ipji6iuttnzwwaw2hh5s3id.onion|8333|70016|/Satoshi:0.21.1/|1623616008|687458|None|None|TOR|Tor network
fk7647cmbnvpmqc2.onion|8333|70015|/Satoshi:0.17.2/|1623616015|687459|None|None|TOR|Tor network
ft4s63odznoenjsk.onion|8333|70015|/Satoshi:0.20.1/|1623616019|687462|None|None|TOR|Tor network
ftpncfns3pkuejcnmgtojgas5vruhghsb6pa2sfuyamix7riudtrwzyd.onion|8333|70016|/Satoshi:0.21.1/|1623616032|687458|None|None|TOR|Tor network
fuoy2ipuqrqwe5cf.onion|8333|70015|/Satoshi:0.20.0/|1623616388|687460|None|None|TOR|Tor network
fxkquldcruk6yavtswujvwbxkle4d4ib2poomkucquixscena47s5jid.onion|8333|70016|/Satoshi:0.21.1/|1623616010|687459|None|None|TOR|Tor network
fz6nsij6jiyuwlsc.onion|8333|70016|/Satoshi:0.21.1(@emzy)/|1623616012|687458|None|None|TOR|Tor network
g4dppttg3ypqa4vl.onion|8333|70015|/Satoshi:0.20.1/|1623616014|687461|None|None|TOR|Tor network
g4zuf3pqo552nhpq.onion|8333|70015|/Satoshi:0.20.0/|1623617949|687462|None|None|TOR|Tor network
g6yqfcqv3ucgdute.onion|8333|70015|/Satoshi:0.20.1/|1623616044|687458|None|None|TOR|Tor network
gazqzxmncxl5jjwp.onion|8333|70015|/Satoshi:0.20.0/|1623616009|687458|None|None|TOR|Tor network
girakxomne5fby64.onion|8333|70015|/Satoshi:0.18.0/|1623616017|687458|None|None|TOR|Tor network
giuz3nrrxtkmhmdq.onion|8333|70015|/Satoshi:0.20.0/|1623616017|687458|None|None|TOR|Tor network
gnwq5b3pvdiymn7d.onion|8333|70015|/Satoshi:0.20.0/|1623616016|687458|None|None|TOR|Tor network
gojhhzbrfuamowrg.onion|8333|70015|/Satoshi:0.20.1/|1623616016|687458|None|None|TOR|Tor network
grdhjah4npcnu6hfrer5ovxx7uaqy7zud44by4zjzq4fcncqiekjzead.onion|8333|70016|/Satoshi:0.21.1/|1623616368|687460|None|None|TOR|Tor network
gtlcvlqss75flqqi.onion|8333|70015|/Satoshi:0.20.1/|1623616023|687459|None|None|TOR|Tor network
gxuzdti7qqjeet5d.onion|8333|70015|/Satoshi:0.18.1/|1623616012|687458|None|None|TOR|Tor network
gytjtps645sy3zbu.onion|8333|70015|/Satoshi:0.18.0/|1623616368|687460|None|None|TOR|Tor network
gzqomxdkecph4rmi.onion|8333|70015|/Satoshi:0.17.1/|1623616017|687459|None|None|TOR|Tor network
gzrxqcr2j64d7kvi.onion|8333|70015|/Satoshi:0.20.0/|1623616021|687459|None|None|TOR|Tor network
h6grhzynxlllqajo.onion|8333|70015|/Satoshi:0.19.1/|1623616010|687458|None|None|TOR|Tor network
h6ubv5voci2wxpra.onion|8333|70015|/Satoshi:0.20.0/|1623616009|687459|None|None|TOR|Tor network
hbkwlqjtzwsv6ioi.onion|8333|70015|/Satoshi:0.20.1/|1623616017|687458|None|None|TOR|Tor network
hbycxyvprlkhu56f.onion|8333|70015|/Satoshi:0.20.0/|1623616016|687459|None|None|TOR|Tor network
hfazr7epthe27nae.onion|8333|70015|/Satoshi:0.18.1/|1623616009|687458|None|None|TOR|Tor network
hhyf7arzax4m44tr.onion|8333|70015|/Satoshi:0.20.0/|1623616371|687459|None|None|TOR|Tor network
hi37z7vkpquufzhf.onion|8333|70015|/Satoshi:0.20.0/|1623616010|687459|None|None|TOR|Tor network
hlojuwiwbkoj4kdz.onion|8333|70015|/Satoshi:0.19.1/|1623616369|687459|None|None|TOR|Tor network
hqx2a62naxnvizmb.onion|8333|70015|/Satoshi:0.20.1/|1623615596|0|None|None|TOR|Tor network
hrjgxhhn64httj32.onion|8333|70015|/Satoshi:0.20.0/|1623616374|687459|None|None|TOR|Tor network
hroumt5p4kzi5p4c.onion|8333|70015|/Satoshi:0.20.0/|1623616016|687460|None|None|TOR|Tor network
htf46av2qaebqhfk.onion|8333|70015|/Satoshi:0.18.1/|1623616014|687458|None|None|TOR|Tor network
hucac2z74zsvngw6.onion|8333|70015|/Satoshi:0.20.0/|1623616368|687460|None|None|TOR|Tor network
i5534t2ztu3jarwgxxipf3lasjnfnazbzgo6aspsnp5m2lrdgr5xlfid.onion|8333|70016|/Satoshi:0.21.1/|1623617946|687461|None|None|TOR|Tor network
i5ojwao7vxfbj3dw.onion|8334|70015|/Satoshi:0.18.1/|1623618249|687462|None|None|TOR|Tor network
ilrmrgxa7kxn4nao.onion|8333|70015|/Satoshi:0.20.1/|1623616009|687458|None|None|TOR|Tor network
ilunde45pxrt3jr3.onion|8333|70015|/Satoshi:0.20.1/|1623616010|687461|None|None|TOR|Tor network
irtp4gkdrrvsglof.onion|8333|70015|/Satoshi:0.19.1/|1623616010|687459|None|None|TOR|Tor network
iur2aqdb4easvvmm.onion|8333|70015|/Satoshi:0.17.1/|1623616021|687460|None|None|TOR|Tor network
iusfiojgbyxhluk2.onion|8333|70015|/Satoshi:0.20.1/|1623616367|687462|None|None|TOR|Tor network
izb2372qk62nnawp.onion|8333|70015|/Satoshi:0.20.0/|1623616008|687458|None|None|TOR|Tor network
j3zmo7yblbvcgwxu.onion|8333|70015|/Satoshi:0.20.1/|1623616368|687459|None|None|TOR|Tor network
j5c2wm5eoacddypf.onion|8333|70015|/Satoshi:0.20.1/|1623616019|687458|None|None|TOR|Tor network
j7psvow5b7czik65.onion|8333|70015|/Satoshi:0.20.0/|1623616007|687458|None|None|TOR|Tor network
jceojhlwdew27mmpgidqbmd3jkwwjrstvfb7tk4gwv3eokojue2b6uad.onion|8333|70016|/Satoshi:0.21.1/|1623616009|687459|None|None|TOR|Tor network
jf3pe2tzabwamgbt.onion|8333|70015|/Satoshi:0.20.0/|1623616018|687461|None|None|TOR|Tor network
jgfndrcmuli4zux5.onion|8333|70015|/Satoshi:0.19.1/|1623616018|687460|None|None|TOR|Tor network
jhana24s3dzkitzp.onion|8333|70015|/Satoshi:0.20.1/|1623616009|687459|None|None|TOR|Tor network
jjn46dun6yow3rmp.onion|8333|70016|/Satoshi:0.21.1(dim-3500)/|1623616015|687459|None|None|TOR|Tor network
jjrsewwt7sqkfnvu.onion|8333|70015|/Satoshi:0.20.1/|1623616010|687458|None|None|TOR|Tor network
jlr2l3hkienuhcr55ck7tstrrh6u63dywqgovlwuuk4nt7r3qta2qgqd.onion|8333|70016|/Satoshi:0.21.1/|1623616009|687459|None|None|TOR|Tor network
jmtynbp2ongde74s.onion|8333|70016|/Satoshi:0.21.1/|1623616010|687458|None|None|TOR|Tor network
jpflkps2hvqg3gena77c75ohuqz4v3iqc2ghyitbbfbzd3zqykbvcfid.onion|8333|70016|/Satoshi:0.21.0/Knots:20210130/|1623616383|687459|None|None|TOR|Tor network
jsa4cxhkqide3dju.onion|8333|70015|/Satoshi:0.18.0/|1623616040|687458|None|None|TOR|Tor network
jtadu67pzv574gy4.onion|8333|70015|/Satoshi:0.20.0(dim-3500)/|1623616010|687460|None|None|TOR|Tor network
jujrqtnvcrvzzjn6jtuntvrtee2qr6u64zmkrub7igetuq52orucu6yd.onion|8333|70016|/Satoshi:0.21.0/|1623616011|687460|None|None|TOR|Tor network
jxhop4fgrnpqum7y.onion|8333|70015|/Satoshi:0.20.1/|1623616017|687458|None|None|TOR|Tor network
k2s3nupym4xpmbvu.onion|8333|70015|/Satoshi:0.20.0/|1623616015|687459|None|None|TOR|Tor network
k7omfveynnjg674e.onion|8333|70015|/Satoshi:0.18.1/|1623616041|687459|None|None|TOR|Tor network
k7qgbidsqfmpkvtq.onion|8333|70015|/Satoshi:0.20.2/|1623616013|687460|None|None|TOR|Tor network
ka47ld4bkxryumap.onion|8333|70015|/Satoshi:0.20.1(Omni:0.10.0; bitcore)/|1623618246|687462|None|None|TOR|Tor network
kdb6ifi7vexixjzi.onion|8333|70015|/Satoshi:0.20.0/|1623616370|687460|None|None|TOR|Tor network
kfjmaquocnuoclfq.onion|8333|70015|/Satoshi:0.20.1/|1623616375|687460|None|None|TOR|Tor network
kgplixoaos3jcl2l.onion|8333|70015|/Satoshi:0.19.0.1/|1623616009|687459|None|None|TOR|Tor network
kh4dorspd6jtkbmy.onion|8333|70015|/Satoshi:0.20.1/|1623616007|687458|None|None|TOR|Tor network
kjfamlosjyop5tag.onion|8333|70015|/Satoshi:0.19.1/|1623616367|687460|None|None|TOR|Tor network
ko6zteshdre3zpp7.onion|8333|70015|/Satoshi:0.20.0/|1623616011|687458|None|None|TOR|Tor network
kwehqu3zchkmutp6.onion|8333|70015|/Satoshi:0.20.1/|1623616015|687459|None|None|TOR|Tor network
l44rp6sko3zio6lr.onion|8333|70015|/Satoshi:0.18.1/|1623616381|687459|None|None|TOR|Tor network
l46k6s7vkckavt3f.onion|8333|70016|/Satoshi:0.21.1/|1623616015|687459|None|None|TOR|Tor network
l7cy45vid6htv6r5.onion|8333|70015|/Satoshi:0.20.1/|1623616022|687459|None|None|TOR|Tor network
laorvegmujtokxzb.onion|8333|70014|/Satoshi:0.13.1/|1623616705|687460|None|None|TOR|Tor network
lftvcqv5ggzhztry.onion|8333|70016|/Satoshi:0.21.0/|1623616369|687459|None|None|TOR|Tor network
lgkvbvro67jomosw.onion|8333|70016|/Satoshi:0.21.1/|1623616014|687459|None|None|TOR|Tor network
lixoenaeuts6itsx.onion|8333|70015|/Satoshi:0.20.1/|1623616369|687460|None|None|TOR|Tor network
ljmrga7x2iqte44v.onion|8333|70015|/Satoshi:0.20.1/|1623616010|687460|None|None|TOR|Tor network
lrxy6ar5m2t7r5ma.onion|8333|70015|/Satoshi:0.20.1/|1623616368|687462|None|None|TOR|Tor network
lu737rcxjaldg4za.onion|8333|70015|/Satoshi:0.20.0/|1623616368|687460|None|None|TOR|Tor network
m4vccouhmabnucus.onion|8333|70015|/Satoshi:0.18.1/|1623616009|687459|None|None|TOR|Tor network
m6ntjqwfrw76axrr.onion|8333|70015|/Satoshi:0.20.0/|1623616370|687460|None|None|TOR|Tor network
mc5f2ppssn4sqbhc.onion|8333|70015|/Satoshi:0.20.0/|1623616374|687460|None|None|TOR|Tor network
md2xmqlbsuzguggq.onion|8333|70015|/Satoshi:0.20.1/|1623616015|687462|None|None|TOR|Tor network
merrtgoxq67be4bt.onion|8333|70015|/Satoshi:0.17.0/|1623616046|687459|None|None|TOR|Tor network
mgajgytxdkt44vse.onion|8333|70015|/Satoshi:0.20.0/|1623616016|687459|None|None|TOR|Tor network
mgnevgzrf6ehksqm.onion|8333|70015|/Satoshi:0.20.1/|1623616012|687459|None|None|TOR|Tor network
mnonbh5g3rlpgttc.onion|8333|70015|/Satoshi:0.20.0/|1623616043|687458|None|None|TOR|Tor network
motoixfjxnf4joga.onion|8333|70016|/Satoshi:0.21.1/|1623616007|687459|None|None|TOR|Tor network
mrqaxj25x3mcxkal.onion|8333|70015|/Satoshi:0.20.0/|1623616016|687459|None|None|TOR|Tor network
muh7fl6nqks7wsx5.onion|8333|70015|/Satoshi:0.20.1/|1623616009|687458|None|None|TOR|Tor network
mvjegkkc3vfp2pfl.onion|8333|70015|/Satoshi:0.20.0/|1623616013|687458|None|None|TOR|Tor network
mw2pcgjwk7zxzre6.onion|8333|70015|/Satoshi:0.20.0/|1623616018|687459|None|None|TOR|Tor network
n6oa7rztrw7pgj3i.onion|8333|70015|/Satoshi:0.18.1/|1623616372|687462|None|None|TOR|Tor network
nafuo2vqivw4woox.onion|8333|70015|/Satoshi:0.20.0/|1623616012|687459|None|None|TOR|Tor network
nbrgjhf75wfxq7rs.onion|8333|70016|/Satoshi:0.21.1/|1623616011|687459|None|None|TOR|Tor network
nkxbb7kyfn6yxbin.onion|8333|70015|/Satoshi:0.20.0(wen schnorr?)/|1623616371|687460|None|None|TOR|Tor network
nlyjmpcmpaz5b4aa.onion|8333|70015|/Satoshi:0.20.1/|1623616014|687458|None|None|TOR|Tor network
nnoajyn7ztlf42m6oozdyrg5hkxe5p5zb53qtncjvy46zwbtvmtzgjid.onion|8333|70016|/Satoshi:0.21.0/|1623616009|687459|None|None|TOR|Tor network
nodi2aydk2aynwch.onion|8333|70016|/Satoshi:0.21.1/|1623616010|687458|None|None|TOR|Tor network
nqkhbvckh45k6xwo.onion|8333|70015|/Satoshi:0.19.1/|1623616016|687460|None|None|TOR|Tor network
nrm6jc4joja7i7je.onion|8333|70015|/Satoshi:0.19.0.1/|1623616009|687460|None|None|TOR|Tor network
nrrmkgmulpgsbwlt.onion|8333|70015|/Satoshi:0.18.1/|1623616014|687460|None|None|TOR|Tor network
ns7crnjptntel3wz.onion|8333|70015|/Satoshi:0.20.0/|1623616370|687460|None|None|TOR|Tor network
nt64ujhnwvpyiey3.onion|8333|70015|/Satoshi:0.20.1/|1623616023|687459|None|None|TOR|Tor network
nuc6z2h2r5jkino5.onion|8333|70015|/Satoshi:0.20.0/|1623616016|687460|None|None|TOR|Tor network
nuonc2tfhtponi2abqmaj6xsxj7u6tj6izfy2ewmlef4nozgdx6lwzqd.onion|8333|70016|/Satoshi:0.21.0/|1623616014|687460|None|None|TOR|Tor network
nuvhdzt55dmjxvs4.onion|8333|70015|/Satoshi:0.20.1/|1623616032|687459|None|None|TOR|Tor network
o6robwpffpu33u6o.onion|8333|70015|/Satoshi:0.18.1/|1623616015|687458|None|None|TOR|Tor network
obapxb2ifbnwmd2f.onion|8333|70015|/Satoshi:0.19.1/|1623616011|687459|None|None|TOR|Tor network
ohtjx4g24tiocliq.onion|8333|70015|/Satoshi:0.18.1/|1623616022|687458|None|None|TOR|Tor network
olvdu57g7rxwpcr4.onion|8333|70016|/Satoshi:0.21.1/|1623616010|687458|None|None|TOR|Tor network
olyw7zotpz3rt7j7.onion|8333|70015|/Satoshi:0.20.0/|1623616014|687458|None|None|TOR|Tor network
oob4hohxhvbtq5wwnelc3axx2k7yuuirpkkokezeqftcwmbjw7yjamyd.onion|8333|70016|/Satoshi:0.21.1/|1623616018|687458|None|None|TOR|Tor network
oofgcenlt2yijhewez7fnqzfjxbfcgilmzbje6ruieupczfsmppc6gyd.onion|8333|70016|/Satoshi:0.21.0/|1623616368|687459|None|None|TOR|Tor network
osbdpgclgtkg5ogm.onion|8333|70015|/Satoshi:0.20.0/|1623616022|687458|None|None|TOR|Tor network
oszdrhxh2hsszdt7.onion|8333|70015|/Satoshi:0.20.0/|1623616392|687460|None|None|TOR|Tor network
ovi45hmpasaddhac.onion|8333|70015|/Satoshi:0.20.1/|1623616010|687458|None|None|TOR|Tor network
ovlzu6bgvmiqs7yw.onion|8333|70015|/Satoshi:0.20.0/|1623616016|687458|None|None|TOR|Tor network
oydyayzghbqkwqsx.onion|8333|70015|/Satoshi:0.20.1/|1623616017|687458|None|None|TOR|Tor network
p2qp5vh5rjwk5cql.onion|8333|70015|/Satoshi:0.20.0/|1623616018|687458|None|None|TOR|Tor network
p5we5zntjdepp44l.onion|8333|70016|/Satoshi:0.21.0/|1623616024|687458|None|None|TOR|Tor network
p6jb3vu5wr4cgbvv.onion|8333|70015|/Satoshi:0.20.0/|1623616020|687460|None|None|TOR|Tor network
p7lj6bhblsx55d2w.onion|8333|70016|/Satoshi:0.21.0/|1623616370|687460|None|None|TOR|Tor network
pa5o646rj7iatjjc.onion|8333|70015|/Satoshi:0.20.0/|1623616010|687462|None|None|TOR|Tor network
pasmchtoooj2kchd.onion|8333|70015|/Satoshi:0.20.0/|1623616017|687459|None|None|TOR|Tor network
pbkz2ivt2qhbm23o.onion|8333|70016|/Satoshi:0.21.1/|1623616380|687460|None|None|TOR|Tor network
pchb4rmn3rwaxvoszj4poz2jsdgkc3n56la5phfelv6wv54xs57v2byd.onion|8333|70016|/Satoshi:0.21.0/|1623616020|687459|None|None|TOR|Tor network
pihbtayu6huxa7xna2reic4ftymvzfsw6vs5zro4bgjq746uw7mj4dqd.onion|8333|70016|/Satoshi:0.21.1/|1623616042|687459|None|None|TOR|Tor network
pit2ek46umdbpglh.onion|8333|70015|/Satoshi:0.18.1/|1623616043|687459|None|None|TOR|Tor network
pj7nspkd6g5xhj6j.onion|8333|70015|/Satoshi:0.20.0/|1623616367|687460|None|None|TOR|Tor network
pogrgkwflrknijo4.onion|8333|70015|/Satoshi:0.20.0/|1623616009|687458|None|None|TOR|Tor network
ppchm44gakp2lse3.onion|8333|70015|/Satoshi:0.20.0/|1623616019|687460|None|None|TOR|Tor network
pvwzyb3jxkujnyrv.onion|8333|70015|/Satoshi:0.20.1/|1623616024|687459|None|None|TOR|Tor network
pxot6q2qc4sc72w7.onion|8333|70015|/Satoshi:0.20.99/|1623616026|687460|None|None|TOR|Tor network
q7m2uy423rb6good.onion|8333|70015|/Satoshi:0.20.1/|1623616024|687458|None|None|TOR|Tor network
qd24iacca2blkurk.onion|8333|70015|/Satoshi:0.19.1/|1623616041|687458|None|None|TOR|Tor network
qf35p7uncbyygkgd.onion|8333|70015|/Satoshi:0.20.1/|1623616018|687459|None|None|TOR|Tor network
qgcinh7msbg3aayb.onion|8333|70015|/Satoshi:0.17.0/|1623616028|687460|None|None|TOR|Tor network
qqnhk7dnvpkrvc3p.onion|8333|70015|/Satoshi:0.20.0/|1623616014|687458|None|None|TOR|Tor network
qwtdnwqt5kvzqs3w.onion|8333|70015|/Satoshi:0.20.1/|1623616017|687460|None|None|TOR|Tor network
qywhpzsqpsqziodm.onion|8333|70015|/Satoshi:0.20.1/|1623617949|687462|None|None|TOR|Tor network
rfbpdzshpe7mevxw.onion|8333|70015|/Satoshi:0.19.0.1/|1623616042|687458|None|None|TOR|Tor network
rfs7o44up4c5p45i.onion|8333|70015|/Satoshi:0.20.0/|1623616045|687459|None|None|TOR|Tor network
rq35ayo6m5narryp.onion|8333|70015|/Satoshi:0.20.1/|1623616032|687458|None|None|TOR|Tor network
rsdgmdtwn2yacbvt.onion|8333|70015|/Satoshi:0.20.0/|1623616014|687458|None|None|TOR|Tor network
rskfs7mst2e7cncaehgmzhkibtpian6dfdbvxn2aabdgimqry5xismyd.onion|8333|70016|/Satoshi:0.21.1/|1623616015|687459|None|None|TOR|Tor network
rvdpneata37xkdwk.onion|8333|70015|/Satoshi:0.18.1/|1623616010|687459|None|None|TOR|Tor network
rwmpgqjcvq3jz6qs.onion|8333|70015|/Satoshi:0.20.0/|1623616013|687459|None|None|TOR|Tor network
ryyb54dx63vg3iz7.onion|8333|70015|/Satoshi:0.20.1/|1623616043|687458|None|None|TOR|Tor network
s2mlhcxvpkqjaakg.onion|8333|70015|/Satoshi:0.20.1/|1623616016|687459|None|None|TOR|Tor network
s3ld37kwy3zgqgtq.onion|8333|70015|/Satoshi:0.20.0/|1623616369|687460|None|None|TOR|Tor network
s5j4xpso3r7ic5vl.onion|8333|70015|/Satoshi:0.20.0/|1623616034|687460|None|None|TOR|Tor network
s66jodurj6yl4pqx.onion|8333|70015|/Satoshi:0.20.0/|1623616014|687459|None|None|TOR|Tor network
s7ov4ooe6nuajlnd.onion|8333|70015|/Satoshi:0.20.0/|1623617946|687462|None|None|TOR|Tor network
s7wif4okngvmdrsi.onion|8333|70016|/Satoshi:0.21.0/|1623616022|687458|None|None|TOR|Tor network
sbihwgqrjdmjitqc.onion|8333|70015|/Satoshi:0.20.1/|1623616027|687461|None|None|TOR|Tor network
sdi2bt6hkn2ws5fw.onion|8333|70015|/Satoshi:0.20.1/|1623616371|687462|None|None|TOR|Tor network
sfxgfootu7lmwkfw.onion|8333|70015|/Satoshi:0.20.1/|1623616041|687458|None|None|TOR|Tor network
shsgksluz6jkgp6g.onion|8333|70015|/Satoshi:0.20.0/|1623616017|687458|None|None|TOR|Tor network
sjddr7kkp3rrt5f2.onion|8333|70015|/Satoshi:0.20.1/|1623616374|687460|None|None|TOR|Tor network
sjyzmwwu6diiit3r.onion|8333|70016|/Satoshi:0.21.1(@emzy)/|1623616368|687460|None|None|TOR|Tor network
skoifp4oj7l4osu5.onion|8333|70015|/Satoshi:0.20.0/|1623616369|687460|None|None|TOR|Tor network
slvjkfi2dgv7dm6m.onion|8333|70015|/Satoshi:0.20.0/|1623616011|687458|None|None|TOR|Tor network
slzvzubqqke26kk5.onion|8333|70015|/Satoshi:0.20.2/|1623616016|687459|None|None|TOR|Tor network
smzszcs3sjxotlg4.onion|8333|70015|/Satoshi:0.19.1/|1623616011|687462|None|None|TOR|Tor network
so2ok5whiwq4cgta.onion|8333|70015|/Satoshi:0.20.1/|1623616014|687458|None|None|TOR|Tor network
sp27224gxibrtybr.onion|8333|70015|/Satoshi:0.20.1(Omni:0.10.0)/|1623616014|687458|None|None|TOR|Tor network
sp5omozilhr6gvnt.onion|8333|70015|/Satoshi:0.18.1/|1623616048|687458|None|None|TOR|Tor network
srkgyv5edn2pa7il.onion|8333|70015|/Satoshi:0.18.0/|1623616009|687458|None|None|TOR|Tor network
ss4r6j73wauq5bgr.onion|8333|70016|/Satoshi:0.21.0/|1623616009|687460|None|None|TOR|Tor network
ssueo6tllwxgkvci.onion|8333|70015|/Satoshi:0.20.0/|1623616373|687460|None|None|TOR|Tor network
t2a62acnlej7i3aw.onion|8333|70015|/Satoshi:0.20.1/|1623616368|687460|None|None|TOR|Tor network
t2nqro4yg6cbhvfvwwgqzsva5ytoendlp57ajaav4mvuv3vsz74alxid.onion|8333|70016|/Satoshi:0.21.0/|1623616009|687459|None|None|TOR|Tor network
t3i5ygmuxr43dok6.onion|8333|70015|/Satoshi:0.20.0/|1623616014|687458|None|None|TOR|Tor network
t4cy5qirt6hhly52.onion|8333|70015|/Satoshi:0.19.0.1/|1623616016|687458|None|None|TOR|Tor network
t7dartjnjhf762xo.onion|8333|70016|/Satoshi:0.21.0/|1623615600|0|None|None|TOR|Tor network
tbl4lvpvpjntsyhe.onion|8333|70015|/Satoshi:0.20.0/|1623616033|687458|None|None|TOR|Tor network
tbxnem2ikazvxkdg.onion|8333|70015|/Satoshi:0.20.0/|1623616013|687461|None|None|TOR|Tor network
tfs5wguq42jfnqok.onion|8333|70015|/Satoshi:0.20.1/|1623616016|687459|None|None|TOR|Tor network
tiiedeiliym7rrg7.onion|8333|70015|/Satoshi:0.20.1/|1623616015|687459|None|None|TOR|Tor network
tknygvrbruv5sulp.onion|8333|70015|/Satoshi:0.19.1/|1623616018|687458|None|None|TOR|Tor network
trzepahzstkjadkq.onion|8333|70015|/Satoshi:0.20.0/|1623616370|687459|None|None|TOR|Tor network
twjxxg5zxkfxkqro.onion|8333|70015|/Satoshi:0.20.1/|1623616014|687462|None|None|TOR|Tor network
u4czn7daxnxyssmkzieztup2k7xcg4cdyt3uc3lqnrg2n5nywmm7gfad.onion|8333|70016|/Satoshi:0.21.0/|1623616009|687458|None|None|TOR|Tor network
u5727vngus4f455r.onion|8333|70015|/Satoshi:0.20.0/|1623616369|687459|None|None|TOR|Tor network
ubndibdsdsgqwkmy.onion|8333|70015|/Satoshi:0.20.1/|1623616022|687458|None|None|TOR|Tor network
uexrbrimpw3byvcd.onion|8333|70015|/Satoshi:0.20.0/|1623616013|687459|None|None|TOR|Tor network
uk7nbzw26mallboj.onion|8333|70015|/Satoshi:0.20.0/|1623616018|687458|None|None|TOR|Tor network
ukv2gj7ihx4yphhs.onion|8333|70015|/Satoshi:0.20.0/|1623616009|687459|None|None|TOR|Tor network
ulihfz5j2flszzam.onion|8333|70015|/Satoshi:0.20.0/|1623616033|687458|None|None|TOR|Tor network
uss2kedg7qkwgdr5.onion|8333|70015|/Satoshi:0.19.1/|1623616010|687460|None|None|TOR|Tor network
uthieefkkqjlg227.onion|8333|70016|/Satoshi:0.21.0/|1623617948|687462|None|None|TOR|Tor network
uyz22gluaih5zv62.onion|8333|70015|/Satoshi:0.20.1/|1623616016|687459|None|None|TOR|Tor network
v4ouyh3vsefk7apb.onion|8333|70015|/Satoshi:0.20.0/|1623616008|687460|None|None|TOR|Tor network
vcrjtww4ouk2mip6.onion|8333|70015|/Satoshi:0.20.0/|1623616009|687458|None|None|TOR|Tor network
vdhig6wbvxbb25z2.onion|8333|70015|/Satoshi:0.20.0/|1623616010|687462|None|None|TOR|Tor network
vfioeb7rkv24rw2a.onion|8333|70015|/Satoshi:0.20.1/|1623616009|687458|None|None|TOR|Tor network
vl42iymoqtu3bpj3.onion|8333|70015|/Satoshi:0.20.0/|1623616019|687462|None|None|TOR|Tor network
vlv3zwtbr4b62gj6.onion|8333|70015|/Satoshi:0.20.1/|1623616020|687458|None|None|TOR|Tor network
vomeacttinx3mpml.onion|8333|70016|/Satoshi:0.21.1/|1623616010|687459|None|None|TOR|Tor network
vsbwood73l7a6uv6.onion|8333|70015|/Satoshi:0.20.0/|1623616017|687458|None|None|TOR|Tor network
vwqqeb4d6cgpfyv6.onion|8333|70015|/Satoshi:0.20.1/|1623616369|687459|None|None|TOR|Tor network
w4dwsb2y4jd44msb.onion|8333|70015|/Satoshi:0.20.0/|1623616369|687460|None|None|TOR|Tor network
w5yjbgsfrp7f5ky2sdd3otax2oo7camposf4ooxbaj3zrt7hfuxa5pyd.onion|8333|70016|/Satoshi:0.21.0/|1623616017|687459|None|None|TOR|Tor network
wezzo4ah4nigqfln.onion|8333|70015|/Satoshi:0.20.1/|1623616018|687458|None|None|TOR|Tor network
wfaeei57yvsomrqd.onion|8333|70015|/Satoshi:0.20.0/|1623616014|687458|None|None|TOR|Tor network
wftlflii5lqrzmqc.onion|8333|70015|/Satoshi:0.18.0/|1623616010|687459|None|None|TOR|Tor network
wh2dsfd477f2yc2u.onion|8333|70015|/Satoshi:0.20.0/|1623616021|687460|None|None|TOR|Tor network
whwbo5df3a7cvkiz.onion|8333|70015|/Satoshi:0.19.1/|1623616015|687458|None|None|TOR|Tor network
wkkkjmghfd5cac7s.onion|8333|70015|/Satoshi:0.20.1/|1623616016|687458|None|None|TOR|Tor network
wlgfuzesqn2cjeg5.onion|8333|70016|/Satoshi:0.21.1(dim-3500)/|1623616009|687460|None|None|TOR|Tor network
wtdege76urems26h.onion|8333|70015|/Satoshi:0.20.0/|1623616009|687458|None|None|TOR|Tor network
wubwzaadboxwiffa.onion|8333|70015|/Satoshi:0.20.1(@devinbileck)/|1623616011|687458|None|None|TOR|Tor network
wuyx6jgtqyuznuj4hyx6x7ycbginza5cqytz5xd6cjwootqcdhvjcmqd.onion|8333|70016|/Satoshi:0.21.1/|1623616015|687459|None|None|TOR|Tor network
ww3woycgzlbtvyt4.onion|8333|70015|/Satoshi:0.20.1/|1623616014|687459|None|None|TOR|Tor network
wx77bzz5ukq5lxmw.onion|8333|70015|/Satoshi:0.20.1/|1623616014|687458|None|None|TOR|Tor network
wyh6ovwagni4wyja.onion|8333|70015|/Satoshi:0.20.1/|1623616368|687459|None|None|TOR|Tor network
xe3kupcvtdvxv2g6.onion|8333|70015|/Satoshi:0.20.1/|1623616013|687458|None|None|TOR|Tor network
xjuvj225gf23j3eo.onion|8333|70015|/Satoshi:0.19.1/|1623616045|687458|None|None|TOR|Tor network
xpqdesvrhw5pd4mecmb57mj22zwnye35wgzeusedquhbwnk5s57e6myd.onion|8333|70016|/Satoshi:0.21.0/|1623616008|687458|None|None|TOR|Tor network
xuaodmug6746rkq6.onion|8333|70015|/Satoshi:0.20.1/|1623616009|687459|None|None|TOR|Tor network
xw3yb5w3mnyqhq4s.onion|8333|70015|/Satoshi:0.20.1(Omni:0.10.0; bitcore)/|1623616044|687458|None|None|TOR|Tor network
xwbwqq3vwbdjfysw.onion|8333|70015|/Satoshi:0.20.1/|1623616015|687458|None|None|TOR|Tor network
xxnfw5shgmvdpbwx.onion|8333|70015|/Satoshi:0.20.0/|1623616018|687458|None|None|TOR|Tor network
xyjxqfp5yd6ps3h2.onion|8333|70015|/Satoshi:0.20.0/|1623616367|687459|None|None|TOR|Tor network
y24uezrssy7kw2pp.onion|8333|70015|/Satoshi:0.20.1/|1623616013|687458|None|None|TOR|Tor network
y36ei7sreu242wab.onion|8333|70015|/Satoshi:0.18.0/|1623616012|687462|None|None|TOR|Tor network
y3dn7fbwt3j22nxh.onion|8333|70015|/Satoshi:0.20.1/|1623616367|687459|None|None|TOR|Tor network
y47sooh3md4plywfmvl4st5uiaukfvw6ls5cyv4imrakfl7657vl2lyd.onion|8333|70016|/Satoshi:0.21.0/|1623616011|687459|None|None|TOR|Tor network
yq4ll6lgmsnsbotf.onion|8333|70015|/Satoshi:0.19.1/|1623616046|687462|None|None|TOR|Tor network
yrvdnfzo6yxckilc.onion|8333|70015|/Satoshi:0.16.3/|1623616371|687459|None|None|TOR|Tor network
z2yypgjnl54yvieyi7wc4mxaglulriwtsctlx4mcoqiokdyp5wjlpjqd.onion|8333|70016|/Satoshi:0.21.0/|1623617947|687462|None|None|TOR|Tor network
z36yf4nqs4b4lwuc.onion|8333|70015|/Satoshi:0.18.1/|1623616370|687460|None|None|TOR|Tor network
z3rrwmy3sxgru2bx.onion|8333|70015|/Satoshi:0.19.0.1/|1623616710|687462|None|None|TOR|Tor network
z5y56jnv62zquf5i.onion|8333|70015|/Satoshi:0.20.0/|1623616014|687458|None|None|TOR|Tor network
z6mbqq7llxlrn4kq.onion|8333|70016|/Satoshi:0.21.0(@wiz)/|1623616009|687462|None|None|TOR|Tor network
z7hk6mcmytof3ct2.onion|8333|70015|/Satoshi:0.20.1/|1623616013|687459|None|None|TOR|Tor network
z7lp7w6thp4whe6i.onion|8333|70015|/Satoshi:0.20.0/|1623616369|687459|None|None|TOR|Tor network
zcoxv2ufs5niafzq.onion|8333|70015|/Satoshi:0.20.1/|1623616013|687458|None|None|TOR|Tor network
zediwqpmru4c6swh.onion|8333|70015|/Satoshi:0.18.1/|1623616377|687460|None|None|TOR|Tor network
zn5akosvvyuykg7g.onion|8333|70015|/Satoshi:0.20.0/|1623616030|687458|None|None|TOR|Tor network
zqjvtxskxonu4kzv.onion|8333|70015|/Satoshi:0.18.0/|1623616009|687459|None|None|TOR|Tor network
zsxpq5nvkvxeesl2.onion|8333|70015|/Satoshi:0.20.0/|1623616042|687458|None|None|TOR|Tor network
zxaujdps5ce6wvk6ykbfquygtbli4ecvpokj7oyfxjqiionn3u3fdsid.onion|8333|70016|/Satoshi:0.21.0/|1623616009|687459|None|None|TOR|Tor network
zynuijzmaag242rb.onion|8333|70015|/Satoshi:0.20.0/|1623616014|687458|None|None|TOR|Tor network
