# https://chainz.cryptoid.info/ and whois results
# DeepOnion
IP Address|Subver|Version|ASN|BGP Prefix|CC|Registry|Allocated|AS Name
2pf43yjptpgckjaz.onion|/DeepOnionCore:2.2.2/|80017||||||
3nwpvfiuumcnoany.onion|/DeepOnionCore:2.2.2/|80017||||||
4ehli3b5zf5zps7g.onion|/DeepOnionCore:2.2.2/|80017||||||
7uhvoatuhzvjb6ut.onion|/DeepOnionCore:2.2.0/|80017||||||
bwet3yz3w3pbuehi.onion|/DeepOnionCore:2.2.2/|80017||||||
eg5bkwskfmblqf56.onion|/DeepOnionCore:2.2.2/|80017||||||
eprjfl7p6adpmxk2.onion|/DeepOnionCore:2.2.0/|80017||||||
haclbhhdi2pxhqbu.onion|/DeepOnionCore:2.2.0/|80017||||||
laegvq4ngh4scxzp.onion|/DeepOnionCore:2.2.2/|80017||||||
m4is23omafoaoiqj.onion|/DeepOnionCore:2.2.0/|80017||||||
pwmzguds3si65mgj.onion|/DeepOnionCore:2.2.1/|80017||||||
rjn4gjvxgj7icrwk.onion|/DeepOnionCore:2.2.2/|80017||||||
sht57iput5p7ynwv.onion|/DeepOnionCore:2.2.1/|80017||||||
v2vqtsjwdtkcm4i6.onion|/DeepOnionCore:2.2.2/|80017||||||
wdp5ipkajnxh6nxs.onion|???|0||||||
xdrnnjqgxbb6wpxs.onion|/DeepOnionCore:2.2.2/|80017||||||
xpajzgnjps6qsxor.onion|/DeepOnionCore:2.2.0/|80017||||||
yof6tg55fhaoczya.onion|/DeepOnionCore:2.2.0/|80017||||||
