# Bitnodes https://bitnodes.io/api/v1/snapshots/
# Time 1623531905
IP Address|Port|Protocol Version|User Agent|Connected Since|Services|Height|Hostname|City|Country Code|Latitude|Longitude|Timezone|ASN|Organization Name
273ebxpryyjjsssb.onion|8333|70015|/Satoshi:0.20.0/|1623527917|1037|687326|None|None|None|0.0|0.0|None|TOR|Tor network
2ajon3moyf4i2hbb.onion|8333|70015|/Satoshi:0.19.1/|1623527917|1033|687333|None|None|None|0.0|0.0|None|TOR|Tor network
2b4pvpnn2kkcmlbbt6lbfnplrsdsuo5hxf3g73hxv3qps4raztpbdvad.onion|8333|70016|/Satoshi:0.21.0/|1623527920|1037|687329|None|None|None|0.0|0.0|None|TOR|Tor network
2b4w3unca2nnzkgk.onion|8333|70016|/Satoshi:0.21.1/|1623527923|1033|687332|None|None|None|0.0|0.0|None|TOR|Tor network
2bi63alcicjp3jqk.onion|8333|70015|/Satoshi:0.20.0/|1623527923|1037|687331|None|None|None|0.0|0.0|None|TOR|Tor network
2ccxnswovqcj7zg5anb5wnepkwxcwpgmcf43ez3bgd3w6ico6jsd6nid.onion|8333|70016|/Satoshi:0.21.0/|1623527917|1033|687329|None|None|None|0.0|0.0|None|TOR|Tor network
2cpficmk343e56mg.onion|8333|70015|/Satoshi:0.20.0/|1623527932|1037|687327|None|None|None|0.0|0.0|None|TOR|Tor network
2czk3btyhsspckqb.onion|8333|70015|/Satoshi:0.20.0/|1623527962|1037|687329|None|None|None|0.0|0.0|None|TOR|Tor network
2hkhfusgds7tn6yu.onion|8333|70015|/Satoshi:0.20.0/|1623527919|1037|687332|None|None|None|0.0|0.0|None|TOR|Tor network
2jljmug3dfaqsvhe.onion|8333|70015|/Satoshi:0.20.1/|1623529905|1033|687334|None|None|None|0.0|0.0|None|TOR|Tor network
2jrhhwohti2myvvaaxbv7nuporay4pfplwistatqdhx7dngoqi37itad.onion|8333|70016|/Satoshi:0.21.1/|1623529903|1033|687332|None|None|None|0.0|0.0|None|TOR|Tor network
2kn3iqfuceobh2gr.onion|8333|70015|/Satoshi:0.20.0/|1623531884|1037|687334|None|None|None|0.0|0.0|None|TOR|Tor network
2ksuu4qhdxiuqmj6.onion|8333|70015|/Satoshi:0.20.1/|1623527924|1033|687329|None|None|None|0.0|0.0|None|TOR|Tor network
2ktjoyly4ypbcdv66canxu2sjqv3aqdwltcefwy2zztmpecmxyyu56yd.onion|8333|70016|/Satoshi:0.21.0/|1623527922|1033|687329|None|None|None|0.0|0.0|None|TOR|Tor network
2lwojrbc3javbcxueydq6us6c4bwss4du3dl7uphhimqtncj46paspyd.onion|8333|70016|/Satoshi:0.21.1/|1623527918|1033|687329|None|None|None|0.0|0.0|None|TOR|Tor network
2m5txxwui56xe4zs.onion|8333|70015|/Satoshi:0.20.0/|1623529906|1037|687332|None|None|None|0.0|0.0|None|TOR|Tor network
2pfh5wcho2yt4t4a.onion|8333|70015|/Satoshi:0.20.0/|1623529935|1037|687334|None|None|None|0.0|0.0|None|TOR|Tor network
2vb6ubl5hpcoejmu.onion|8333|70015|/Satoshi:0.20.0/|1623527969|1033|687327|None|None|None|0.0|0.0|None|TOR|Tor network
2vljdj2zpxh6uhf4.onion|8333|70015|/Satoshi:0.18.1/|1623531892|1037|687332|None|None|None|0.0|0.0|None|TOR|Tor network
2xmepv5mapmgl2brsu2bz5gooh5umwktz4aq2gstjd2djogivvzm2dyd.onion|8333|70016|/Satoshi:0.21.1/|1623527920|1033|687329|None|None|None|0.0|0.0|None|TOR|Tor network
2ycw4ggurdcnytiephyn2frfxpwei6z5uefpuiighxnzt3en2dzeq5yd.onion|8333|70016|/Satoshi:0.21.1/|1623527921|1037|687327|None|None|None|0.0|0.0|None|TOR|Tor network
2yi2m6zwrednd6uf.onion|8333|70015|/Satoshi:0.20.1/|1623527916|1032|687332|None|None|None|0.0|0.0|None|TOR|Tor network
2zndatxfidey7ccl.onion|8333|70015|/Satoshi:0.20.1/|1623527919|1033|687327|None|None|None|0.0|0.0|None|TOR|Tor network
32wd5mcnk3ads3q6.onion|8333|70015|/Satoshi:0.18.1/|1623527918|1037|687332|None|None|None|0.0|0.0|None|TOR|Tor network
35cxkxsxkoexj3bb.onion|8333|70015|/Satoshi:0.20.0/|1623527928|1033|687332|None|None|None|0.0|0.0|None|TOR|Tor network
35ln36me4ptwudbf.onion|8333|70015|/Satoshi:0.18.1/|1623527918|1037|687332|None|None|None|0.0|0.0|None|TOR|Tor network
35pwmp7w4hsghwcpe5enfkuqdbs3ll2kezuzodq6ypfbx4pkj7leyxqd.onion|8333|70016|/Satoshi:0.21.0/|1623527921|1033|687329|None|None|None|0.0|0.0|None|TOR|Tor network
37ljh4nm6mtepdit.onion|8333|70015|/Satoshi:0.20.1/|1623531875|1033|687334|None|None|None|0.0|0.0|None|TOR|Tor network
37rz3s35j5g65okj.onion|8333|70015|/Satoshi:0.18.1/|1623527952|1037|687326|None|None|None|0.0|0.0|None|TOR|Tor network
3a2hapl4so3k25wy.onion|8333|70015|/Satoshi:0.20.1/|1623531889|1032|687334|None|None|None|0.0|0.0|None|TOR|Tor network
3e5t7hq4alt5tovx.onion|8333|70015|/Satoshi:0.20.1/|1623527917|1037|687332|None|None|None|0.0|0.0|None|TOR|Tor network
3egh7dxf6p6h2iyp.onion|8333|70015|/Satoshi:0.20.1/|1623527918|1037|687332|None|None|None|0.0|0.0|None|TOR|Tor network
3f2k3b2hlr3wiama.onion|8333|70015|/Satoshi:0.19.1/|1623527918|1032|687327|None|None|None|0.0|0.0|None|TOR|Tor network
3frtobxxkgkhwjx7.onion|8333|70015|/Satoshi:0.18.0/|1623527917|1037|687327|None|None|None|0.0|0.0|None|TOR|Tor network
3gdgqvvpiswtdt6orxxiwb6nsgtlmgomlasa42rzoylwntolmaeynvad.onion|8333|70016|/Satoshi:0.21.1/|1623527912|1037|687329|None|None|None|0.0|0.0|None|TOR|Tor network
3ho5qehkxolhl2h6vwjcx63chdkikdeu7uz36ikspzhgmpsk7qjrnead.onion|8333|70016|/Satoshi:0.21.0/|1623527925|1033|687327|None|None|None|0.0|0.0|None|TOR|Tor network
3ipfau667b2tbb4r.onion|8333|70015|/Satoshi:0.20.1/|1623531888|1032|687334|None|None|None|0.0|0.0|None|TOR|Tor network
3izfrlvap43fwkzyja7xzkhkg63irnq2qvxczb7fmfasxcykjycwrhqd.onion|8333|70016|/Satoshi:0.21.1/|1623531880|1037|687334|None|None|None|0.0|0.0|None|TOR|Tor network
3n6i6f3imxc2yhmf.onion|8333|70015|/Satoshi:0.20.1/|1623527916|1033|687334|None|None|None|0.0|0.0|None|TOR|Tor network
3nofngnqlqeehn7o.onion|8333|70015|/Satoshi:0.19.1/|1623527923|1033|687326|None|None|None|0.0|0.0|None|TOR|Tor network
3pkkrnbwszm5mfmt.onion|8333|70015|/Satoshi:0.20.0/|1623527921|1037|687327|None|None|None|0.0|0.0|None|TOR|Tor network
3r44ddzjitznyahw.onion|8333|70016|/Satoshi:0.21.0/|1623527922|1037|687332|None|None|None|0.0|0.0|None|TOR|Tor network
3rvnmydclhscovtnsuppcetsyg54pf4qtd7xpuuibrg4caevm6r3kqad.onion|8333|70016|/Satoshi:0.21.0/|1623527923|1032|687332|None|None|None|0.0|0.0|None|TOR|Tor network
42ign52a5yjmfs27.onion|8333|70015|/Satoshi:0.20.0(dim-3500)/|1623527918|1032|687327|None|None|None|0.0|0.0|None|TOR|Tor network
42ioqvqvf437a6hy.onion|8333|70015|/Satoshi:0.20.0/|1623527919|1037|687329|None|None|None|0.0|0.0|None|TOR|Tor network
44ektf7qpjdcjq52tyuobhikc3wsuqcn26fqohj2gblxwu3ojgcws2ad.onion|8333|70016|/Satoshi:0.21.1/|1623527920|1033|687329|None|None|None|0.0|0.0|None|TOR|Tor network
45c7hyqqm4trwdhr.onion|8333|70015|/Satoshi:0.20.0/|1623527915|1032|687329|None|None|None|0.0|0.0|None|TOR|Tor network
4crc6letccpg2ygest7bwucz3mktlpsv36npgagryl4xfl7i4364dkad.onion|8333|70016|/Satoshi:0.21.0/|1623527924|1037|687328|None|None|None|0.0|0.0|None|TOR|Tor network
4czrkcnniheuvmlc.onion|8333|70015|/Satoshi:0.20.1/|1623527918|1037|687332|None|None|None|0.0|0.0|None|TOR|Tor network
4fwypl6g47pbfu7x.onion|8333|70015|/Satoshi:0.20.0/|1623527919|1037|687333|None|None|None|0.0|0.0|None|TOR|Tor network
4fxeqhjy4xilim3t.onion|8333|70015|/Satoshi:0.20.1/|1623527930|1033|687332|None|None|None|0.0|0.0|None|TOR|Tor network
4mm5aelcnocpyk4g23wmixqa4rlaji32hjaorc3ophs3e5u6x7oucdqd.onion|8333|70016|/Satoshi:0.21.0/|1623527912|1037|687332|None|None|None|0.0|0.0|None|TOR|Tor network
4ms37w4f7oo6tzpz.onion|8333|70016|/Satoshi:0.21.1/|1623527957|1033|687334|None|None|None|0.0|0.0|None|TOR|Tor network
4pozwh6564ygzddk.onion|8333|70015|/Satoshi:0.20.1/|1623527918|1033|687332|None|None|None|0.0|0.0|None|TOR|Tor network
4qmogy6petsvvbnffhvmsagbmh3yrq53j4euz72ym3bw2p5kfesbcdyd.onion|8333|70016|/Satoshi:0.21.0/|1623527958|1033|687329|None|None|None|0.0|0.0|None|TOR|Tor network
4xgaylwbuajp75akuqljlseki75n3c352l4rgcuyebldyxrigcbr66ad.onion|8333|70016|/Satoshi:0.21.1/|1623527918|1032|687329|None|None|None|0.0|0.0|None|TOR|Tor network
4ycykfeegw3pzvb3mhroqoggfkz76kum6aqehqfxkz2jvigmub36eeqd.onion|8333|70016|/Satoshi:0.21.1/|1623527922|1037|687332|None|None|None|0.0|0.0|None|TOR|Tor network
4yfjlmtfisvagpav.onion|8333|70015|/Satoshi:0.20.1/|1623531891|1033|687333|None|None|None|0.0|0.0|None|TOR|Tor network
4zaaebscliu676ho63quiqwg6nds4b5asj5fhuypjhtzpwnxswywmuqd.onion|8333|70016|/Satoshi:0.21.1/|1623527912|1037|687328|None|None|None|0.0|0.0|None|TOR|Tor network
4zeyljeox7mh3u62.onion|8333|70016|/Satoshi:0.21.1/|1623527937|1033|687327|None|None|None|0.0|0.0|None|TOR|Tor network
4zooyavps3rl75pd.onion|8333|70016|/Satoshi:0.21.1/|1623531870|1033|687332|None|None|None|0.0|0.0|None|TOR|Tor network
54b6ni72chas2rtz.onion|8333|70015|/Satoshi:0.20.0/|1623527937|1037|687334|None|None|None|0.0|0.0|None|TOR|Tor network
55yadl3pbmluwi7k.onion|8333|70015|/Satoshi:0.20.0/|1623531874|1037|687332|None|None|None|0.0|0.0|None|TOR|Tor network
567fsfiwi3zhqz6h.onion|8333|70015|/Satoshi:0.19.0.1/|1623527924|1033|687326|None|None|None|0.0|0.0|None|TOR|Tor network
57m7kwrmlpivck5r.onion|8333|70015|/Satoshi:0.20.1/|1623527917|1037|687327|None|None|None|0.0|0.0|None|TOR|Tor network
5apydckvymsacmwjgeme7jnfxirobqsrjuz4qatyak7wypt2liyojnqd.onion|8333|70016|/Satoshi:0.21.0/|1623527919|1037|687332|None|None|None|0.0|0.0|None|TOR|Tor network
5bpdbq6xbgoju6n3u6cl42jdyxovxqcmz5zzqys4htjraekiawr3amqd.onion|8333|70016|/Satoshi:0.21.0/|1623529908|1033|687332|None|None|None|0.0|0.0|None|TOR|Tor network
5btacav4ykjj33blvtrosyzl3bxefzhyo7cd6rgh5zupf2jgfriyalyd.onion|8333|70016|/Satoshi:0.21.1/|1623527923|1037|687327|None|None|None|0.0|0.0|None|TOR|Tor network
5c5ifjo3qjb2pc2v.onion|8333|70015|/Satoshi:0.18.0/|1623527918|1037|687334|None|None|None|0.0|0.0|None|TOR|Tor network
5d45jxphrf2frurklgoeye2g7yhwtuyvsdls3xwd5nrkgnhreqqj5fid.onion|8333|70016|/Satoshi:0.21.0/|1623527920|1037|687329|None|None|None|0.0|0.0|None|TOR|Tor network
5fof6ff6yk2fwufz.onion|8333|70015|/Satoshi:0.20.0/|1623529936|1037|687332|None|None|None|0.0|0.0|None|TOR|Tor network
5gvbeoooa4wh2cvl.onion|8333|70015|/Satoshi:0.18.1(Power Shower)/|1623527935|1037|687333|None|None|None|0.0|0.0|None|TOR|Tor network
5jyfzhwksb6urrp2.onion|8333|70015|/Satoshi:0.20.1/|1623531864|1033|687334|None|None|None|0.0|0.0|None|TOR|Tor network
5k7bybnixxswyy45.onion|8333|70015|/Satoshi:0.20.1/|1623531880|1037|687333|None|None|None|0.0|0.0|None|TOR|Tor network
5kbh6dyeyol5cm6p7x5ylk7rtwfro47szr225rtxxk5zvv4h5rjryxyd.onion|8333|70016|/Satoshi:0.21.0/|1623527920|1033|687328|None|None|None|0.0|0.0|None|TOR|Tor network
5oqstxspzhlgjef6.onion|8333|70015|/Satoshi:0.19.1/|1623527923|1033|687332|None|None|None|0.0|0.0|None|TOR|Tor network
5qdxswcgigxilqin.onion|8333|70015|/Satoshi:0.20.1/|1623527923|1033|687327|None|None|None|0.0|0.0|None|TOR|Tor network
5x3z5duqp3cikvu7kqogffa3klaiyejydfhp4ccmdsa4kxwlaucyryqd.onion|8333|70016|/Satoshi:0.21.0/|1623527922|1037|687332|None|None|None|0.0|0.0|None|TOR|Tor network
5ycbz32nrizquxz7.onion|8333|70015|/Satoshi:0.20.0/|1623527921|1033|687326|None|None|None|0.0|0.0|None|TOR|Tor network
5yg6ffsuugwywwzwvxmmtmau3zrchy2u55eu2zeysdoejrsb6xlqo4qd.onion|8333|70016|/Satoshi:0.21.1/|1623527922|1037|687332|None|None|None|0.0|0.0|None|TOR|Tor network
64arj7kivj6lq5gu.onion|8333|70015|/Satoshi:0.18.0/|1623527923|1037|687332|None|None|None|0.0|0.0|None|TOR|Tor network
64f7yetuw6tefwvj.onion|8333|70015|/Satoshi:0.20.1/|1623527918|1033|687334|None|None|None|0.0|0.0|None|TOR|Tor network
65e3shbrwdk5luyp.onion|8333|70015|/Satoshi:0.20.0/|1623529904|1033|687334|None|None|None|0.0|0.0|None|TOR|Tor network
66i544lpg4ddhbyu.onion|8333|70015|/Satoshi:0.18.1/|1623530877|1037|687332|None|None|None|0.0|0.0|None|TOR|Tor network
67jtawzlrbutpwmd.onion|8333|70015|/Satoshi:0.20.0/|1623529904|1033|687332|None|None|None|0.0|0.0|None|TOR|Tor network
6aqgtfzmjczfosnk.onion|8333|70015|/Satoshi:0.20.0/|1623527964|1033|687326|None|None|None|0.0|0.0|None|TOR|Tor network
6atkeach242yybrl.onion|38333|70016|/Satoshi:0.21.0/|1623527916|1033|687332|None|None|None|0.0|0.0|None|TOR|Tor network
6bdoyjvwz6fn53lo.onion|8333|70015|/Satoshi:0.20.0/|1623527931|1033|687333|None|None|None|0.0|0.0|None|TOR|Tor network
6gdjnmyw2fjrdh2x.onion|8333|70015|/Satoshi:0.20.0/|1623527929|1037|687332|None|None|None|0.0|0.0|None|TOR|Tor network
6hg7kc6lmodjyrgq2557dauxibugbejgfynxlptacrmo2lzbcf2ylaad.onion|8333|70016|/Satoshi:0.21.1/|1623527920|1037|687329|None|None|None|0.0|0.0|None|TOR|Tor network
6jmsizhaokckmtdpccggv63kvkxsf5ixmytby2ga2vaa7g2who52iyid.onion|8333|70016|/Satoshi:0.21.0/|1623527921|1033|687327|None|None|None|0.0|0.0|None|TOR|Tor network
6kgrzxjlk25upkop.onion|8333|70015|/Satoshi:0.20.1/|1623527919|1037|687332|None|None|None|0.0|0.0|None|TOR|Tor network
6ku5wr32dwytzhse.onion|8333|70015|/Satoshi:0.19.1/|1623527923|1033|687333|None|None|None|0.0|0.0|None|TOR|Tor network
6lcmzfyglqmvfdme.onion|8333|70015|/Satoshi:0.20.1/|1623529905|1037|687332|None|None|None|0.0|0.0|None|TOR|Tor network
6miwi4kafgyr2o2p.onion|8333|70015|/Satoshi:0.20.0/|1623527918|1033|687332|None|None|None|0.0|0.0|None|TOR|Tor network
6ms4wypoew5bwikg.onion|8333|70015|/Satoshi:0.20.0/|1623527923|1037|687334|None|None|None|0.0|0.0|None|TOR|Tor network
6nahalqy7ha64xt4.onion|8333|70015|/Satoshi:0.20.1/|1623530885|1037|687334|None|None|None|0.0|0.0|None|TOR|Tor network
6ohwejqu2jnqjvc4.onion|8333|70015|/Satoshi:0.18.0/|1623531877|1037|687334|None|None|None|0.0|0.0|None|TOR|Tor network
6ouvvc7vgcdsaepv.onion|8333|70015|/Satoshi:0.18.1/|1623531882|1037|687334|None|None|None|0.0|0.0|None|TOR|Tor network
6pv2ubpfajcbduub.onion|8333|70015|/Satoshi:0.19.1/|1623527917|1033|687332|None|None|None|0.0|0.0|None|TOR|Tor network
6rvorolzlep74pmgyi2eekzbfivlwgu33sgl4e6cwklsotnenxo22lqd.onion|8333|70016|/Satoshi:0.21.0/|1623527923|1037|687328|None|None|None|0.0|0.0|None|TOR|Tor network
6sb3yw7jc63ltjhu.onion|8333|70015|/Satoshi:0.20.0/|1623527911|1037|687332|None|None|None|0.0|0.0|None|TOR|Tor network
6uck5u4ab4fx5ye6.onion|8333|70015|/Satoshi:0.18.1/|1623527922|1037|687328|None|None|None|0.0|0.0|None|TOR|Tor network
6uhbpy4h6zn3oao4.onion|8333|70015|/Satoshi:0.18.1/|1623531892|1037|687334|None|None|None|0.0|0.0|None|TOR|Tor network
6upghoncnpstjnwqht6q4qarphougqxg22jekfnuzefrgxvovwlzfaad.onion|8333|70016|/Satoshi:0.21.1/|1623527937|1037|687329|None|None|None|0.0|0.0|None|TOR|Tor network
6utp3hcdsqoyzbjk.onion|8333|70015|/Satoshi:0.20.0/|1623527916|1037|687334|None|None|None|0.0|0.0|None|TOR|Tor network
6vpgdavyssgfhyej.onion|8333|70015|/Satoshi:0.20.1/|1623531879|1033|687334|None|None|None|0.0|0.0|None|TOR|Tor network
72babb2kwinfyyii.onion|8333|70015|/Satoshi:0.19.1/|1623530881|1033|687332|None|None|None|0.0|0.0|None|TOR|Tor network
72ki7vyezsire7wd.onion|8333|70015|/Satoshi:0.20.0/|1623527919|1037|687332|None|None|None|0.0|0.0|None|TOR|Tor network
72yxqpl7p77wa4zpp7rezjb2yfrsiqaren4zoevnovwpuzlkzdqnefyd.onion|8333|70016|/Satoshi:0.21.1/|1623531888|1037|687334|None|None|None|0.0|0.0|None|TOR|Tor network
76dyftiuok2nxwakmyy5kzv4ocydjdnrqxkmsonesmw2fzhrj3r6c3id.onion|8333|70016|/Satoshi:0.21.1/|1623527921|1037|687331|None|None|None|0.0|0.0|None|TOR|Tor network
7agvhiqxozvm4ypp.onion|8333|70015|/Satoshi:0.20.1/|1623527926|1037|687332|None|None|None|0.0|0.0|None|TOR|Tor network
7cdtvy3kc3222gsh.onion|8333|70015|/Satoshi:0.18.1/|1623529907|1037|687332|None|None|None|0.0|0.0|None|TOR|Tor network
7ff6fksokabtfbk3qdsiq6pv5se6d5f5h44gn3dqv3tulars4d7ebyid.onion|8333|70016|/Satoshi:0.21.1/|1623527939|1037|687327|None|None|None|0.0|0.0|None|TOR|Tor network
7g23hlssrdx5xrl5.onion|8333|70015|/Satoshi:0.19.1/|1623527952|1032|687334|None|None|None|0.0|0.0|None|TOR|Tor network
7g37noj5b5z3buoq.onion|8333|70015|/Satoshi:0.20.1/Knots:20200815/|1623527923|1037|687332|None|None|None|0.0|0.0|None|TOR|Tor network
7gs4u3wtiav2fxxlczdg7opg3lukyezs27cj7zjnx2frglaf6mabojyd.onion|8333|70016|/Satoshi:0.21.1/|1623528944|1037|687328|None|None|None|0.0|0.0|None|TOR|Tor network
7jbbm4td7jsvsie7.onion|8333|70015|/Satoshi:0.20.0/|1623528943|1037|687332|None|None|None|0.0|0.0|None|TOR|Tor network
7jwuotf2xrivw3rt.onion|8333|70016|/Satoshi:0.21.1/|1623527923|1037|687326|None|None|None|0.0|0.0|None|TOR|Tor network
7kf2mcagk52ug6lazgkljjtbrbulj7rds6sjrfsxnuvhamojzafszyad.onion|8333|70016|/Satoshi:0.21.0/|1623527935|1037|687328|None|None|None|0.0|0.0|None|TOR|Tor network
7lgptlxuxacb3zrx.onion|8333|70015|/Satoshi:0.18.1/|1623531898|1037|687334|None|None|None|0.0|0.0|None|TOR|Tor network
7mmlsrip2irzeq2l.onion|8333|70015|/Satoshi:0.20.1/|1623527916|1033|687332|None|None|None|0.0|0.0|None|TOR|Tor network
7wwyffsz5hngxaeyi4fbq62wk4vumvq7a27ctvo257znkw7wttk7zjid.onion|8333|70016|/Satoshi:0.21.1/|1623527925|1037|687328|None|None|None|0.0|0.0|None|TOR|Tor network
a27bvhina4y23jxo.onion|8333|70016|/Satoshi:0.21.1/|1623531890|1033|687334|None|None|None|0.0|0.0|None|TOR|Tor network
a7cok35tz47dun2jc7ue35xu5vu3eisxchmwzan5duumadbq3rujheid.onion|8333|70016|/Satoshi:0.21.0/|1623527921|1037|687332|None|None|None|0.0|0.0|None|TOR|Tor network
abzusrksc7idlfq5.onion|8333|70016|/Satoshi:0.21.1/|1623527925|1033|687326|None|None|None|0.0|0.0|None|TOR|Tor network
acavfzdbzfmzcifi.onion|8333|70015|/Satoshi:0.20.1/|1623527919|1033|687327|None|None|None|0.0|0.0|None|TOR|Tor network
aeud3a3peugnimf5.onion|8333|70015|/Satoshi:0.20.0/|1623527918|1037|687326|None|None|None|0.0|0.0|None|TOR|Tor network
afvip6sxf2cml5izt67hjgwytg43ksjgfiy7i77wubsaq7edrnw6o7qd.onion|8333|70016|/Satoshi:0.21.0/|1623531884|1037|687333|None|None|None|0.0|0.0|None|TOR|Tor network
agcxa7z3yhzjenzmx64y62m5atipzrrjzvrawnnfuuebve66dlgwkaid.onion|8333|70016|/Satoshi:0.21.0/|1623527923|1033|687327|None|None|None|0.0|0.0|None|TOR|Tor network
aid4poo5hzod3ur5.onion|8333|70015|/Satoshi:0.20.1/|1623527932|1032|687332|None|None|None|0.0|0.0|None|TOR|Tor network
aj2ah4qbdgbu4bx3mgypdhn3qfuc5pm7dlm456ikwk2js4mvecfirsqd.onion|8333|70016|/Satoshi:0.21.1/|1623527970|1037|687329|None|None|None|0.0|0.0|None|TOR|Tor network
ao5wnxoltpxe2fgn.onion|8333|70015|/Satoshi:0.19.0.1/|1623527917|1033|687329|None|None|None|0.0|0.0|None|TOR|Tor network
aph3hpmpzb7qu3oy.onion|8333|70015|/Satoshi:0.20.1/|1623530878|1037|687334|None|None|None|0.0|0.0|None|TOR|Tor network
apwzolh75loev5ha.onion|8333|70015|/Satoshi:0.20.0/|1623527938|1037|687327|None|None|None|0.0|0.0|None|TOR|Tor network
aqwv6jg4ivi5uca5.onion|8333|70015|/Satoshi:0.20.1/|1623527923|1033|687333|None|None|None|0.0|0.0|None|TOR|Tor network
asgsxppa3asgfzkc.onion|8333|70015|/Satoshi:0.20.0/|1623527938|1033|687326|None|None|None|0.0|0.0|None|TOR|Tor network
auq2caj3pr4toxwvbse3n5xi2udqxjlssa7mskvrxaezvbbliureukid.onion|8333|70016|/Satoshi:0.21.0/|1623527921|1037|687329|None|None|None|0.0|0.0|None|TOR|Tor network
auwsxmh3bi7kxkp6.onion|8333|70015|/Satoshi:0.18.1/|1623527948|1037|687332|None|None|None|0.0|0.0|None|TOR|Tor network
avqobl72pmc64dyi.onion|8333|70015|/Satoshi:0.20.0/|1623527919|1033|687334|None|None|None|0.0|0.0|None|TOR|Tor network
avzaavbztisw4o5ohv44ij4ebtkcdzkk572hkhbaokgkj4bapdfde3yd.onion|8333|70016|/Satoshi:0.21.1/|1623529904|1037|687334|None|None|None|0.0|0.0|None|TOR|Tor network
b36bg6ih637hsryw.onion|8333|70015|/Satoshi:0.20.0/|1623527921|1037|687332|None|None|None|0.0|0.0|None|TOR|Tor network
b5b4vecq6s3imyvb.onion|8333|70015|/Satoshi:0.20.0/|1623530876|1037|687332|None|None|None|0.0|0.0|None|TOR|Tor network
baqmukzucpb2xcgzrbib6o2zln3yxgcui6x5rvpghxelhduie2ivaxyd.onion|8333|70016|/Satoshi:0.21.0/|1623527937|1033|687334|None|None|None|0.0|0.0|None|TOR|Tor network
bdpkrzzatdhmrnoe.onion|8333|70015|/Satoshi:0.20.1/|1623529906|1037|687332|None|None|None|0.0|0.0|None|TOR|Tor network
bdtjc22algapizq7.onion|8333|70015|/Satoshi:0.20.0/|1623527929|1033|687332|None|None|None|0.0|0.0|None|TOR|Tor network
bectw4eaas2eixbrovhuvvweawusq53gjxysj4gjnlmemj5qxgyfzuqd.onion|8333|70016|/Satoshi:0.21.1/|1623527958|1037|687329|None|None|None|0.0|0.0|None|TOR|Tor network
bewrpy646qevukih5eva7a32lmdxhwuovof7z2ojmwjasnyeyvmadyyd.onion|8333|70016|/Satoshi:0.21.0/|1623527929|1033|687329|None|None|None|0.0|0.0|None|TOR|Tor network
bf6vdgy276jxwdzogpwhotsg3mf7ztfdhed5wh5ngth7l3evszqmndqd.onion|8333|70016|/Satoshi:0.21.1/|1623531882|1037|687334|None|None|None|0.0|0.0|None|TOR|Tor network
bgmzhphssf2xl5e7itc6f6mhdxprr2uuc4d7n65pbygqec7t57qbhhyd.onion|8333|70016|/Satoshi:0.21.1/|1623527924|1037|687328|None|None|None|0.0|0.0|None|TOR|Tor network
bipshowffo7i3ua7.onion|8333|70015|/Satoshi:0.20.1/|1623527924|1033|687332|None|None|None|0.0|0.0|None|TOR|Tor network
bk7yp6epnmcllq72.onion|8333|70016|/Satoshi:0.21.1(BTC)/|1623527929|1033|687334|None|None|None|0.0|0.0|None|TOR|Tor network
bkehul5nxd7kbm6z.onion|8333|70015|/Satoshi:0.20.0/|1623531879|1033|687334|None|None|None|0.0|0.0|None|TOR|Tor network
blcktrgve5vetjsk.onion|8333|70015|/Satoshi:0.20.1/|1623527961|1033|687334|None|None|None|0.0|0.0|None|TOR|Tor network
blnspode3mdabozwjnhcnfmwxbrj2dk2ryl5uppbmn6biv5lr4vmxsid.onion|8333|70016|/Satoshi:0.21.0/|1623527960|1037|687328|None|None|None|0.0|0.0|None|TOR|Tor network
blwbp7gfdffdsx4g.onion|8333|70015|/Satoshi:0.18.0/|1623527923|1037|687334|None|None|None|0.0|0.0|None|TOR|Tor network
bnmbmnq7zjvrrao7.onion|8333|70015|/Satoshi:0.20.1/|1623527918|1037|687334|None|None|None|0.0|0.0|None|TOR|Tor network
btbdaqhlzuy4twuk.onion|8333|70015|/Satoshi:0.20.0/|1623527916|1037|687332|None|None|None|0.0|0.0|None|TOR|Tor network
bzem5svkuphkjggt7b6hs227pfupvxv4rxhqyit5o2ih25sphwtyjgad.onion|8333|70016|/Satoshi:0.21.0/|1623527923|1037|687329|None|None|None|0.0|0.0|None|TOR|Tor network
c2k4ojgwzd4fgqnh.onion|8333|70015|/Satoshi:0.20.1/|1623531890|1033|687334|None|None|None|0.0|0.0|None|TOR|Tor network
c3tnw35g7tmk2jnt.onion|8333|70015|/Satoshi:0.20.0/|1623527957|1037|687329|None|None|None|0.0|0.0|None|TOR|Tor network
c5sbqdyecttjffee.onion|8333|70015|/Satoshi:0.20.1/|1623527919|1033|687332|None|None|None|0.0|0.0|None|TOR|Tor network
c6xb4eurqkoc52bujnhn2bexrdnv5fclhxwjlpvuza2rn6algmmmisyd.onion|8333|70016|/Satoshi:0.21.1/|1623527917|1037|687332|None|None|None|0.0|0.0|None|TOR|Tor network
caq54ablfbrnumdd.onion|8333|70015|/Satoshi:0.19.1/|1623527923|1033|687332|None|None|None|0.0|0.0|None|TOR|Tor network
cb6xdfnshlb75jyc.onion|8333|70015|/Satoshi:0.18.0/|1623527959|1037|687334|None|None|None|0.0|0.0|None|TOR|Tor network
ccgkfrl24wfert6g.onion|8333|70015|/Satoshi:0.20.0/|1623531877|1037|687334|None|None|None|0.0|0.0|None|TOR|Tor network
cezorrm2m6wfrlen.onion|8333|70015|/Satoshi:0.20.1/|1623527923|1033|687332|None|None|None|0.0|0.0|None|TOR|Tor network
cf4sqcy5btg574zaxc7bqdj65cptb2y5z57xsb3bqlzp6jzzveqo7did.onion|8333|70016|/Satoshi:0.21.1/|1623527957|1037|687332|None|None|None|0.0|0.0|None|TOR|Tor network
cfco65h7epe2aum5cjujahousuroe5hhbjudmdv5fo43e3z3taqtavad.onion|8333|70016|/Satoshi:0.21.0/|1623527923|1037|687327|None|None|None|0.0|0.0|None|TOR|Tor network
ckqqjmvfafoqe7yp.onion|8333|70015|/Satoshi:0.18.1/|1623527919|1037|687327|None|None|None|0.0|0.0|None|TOR|Tor network
cncwik3tnd2ejm5z.onion|8333|70015|/Satoshi:0.19.0.1/|1623531870|1033|687334|None|None|None|0.0|0.0|None|TOR|Tor network
crqtd2jia6cxqogg.onion|8333|70015|/Satoshi:0.20.1/|1623527918|1032|687327|None|None|None|0.0|0.0|None|TOR|Tor network
ctst2wadisjuiyvrqzgtyg666hb22swgjc2u7oluwao3dc7rvxjkffad.onion|8333|70016|/Satoshi:0.21.0/|1623528945|1033|687329|None|None|None|0.0|0.0|None|TOR|Tor network
cyir3vo5puhppq4dojqwhcpcylizzfp4fx3slrakkdx7lic5hoszvuqd.onion|8333|70016|/Satoshi:0.21.0/|1623527923|1037|687332|None|None|None|0.0|0.0|None|TOR|Tor network
cytp7h25k5nfmvdr.onion|8333|70016|/Satoshi:0.21.1/|1623527923|1033|687332|None|None|None|0.0|0.0|None|TOR|Tor network
czswum7w4mw7orl7znsbcrhnhvcpuymfc6jiisvhle5t3v5hlerpklad.onion|8333|70016|/Satoshi:0.21.1/|1623530880|1033|687332|None|None|None|0.0|0.0|None|TOR|Tor network
d4clcpzl66owm7t3pm7czb7zzgsqefpdh5plrnfypba7f2mikfv4u2yd.onion|8333|70016|/Satoshi:0.21.0/|1623529904|1037|687332|None|None|None|0.0|0.0|None|TOR|Tor network
d4si742mmi3tem26.onion|8333|70015|/Satoshi:0.19.1/|1623527921|1033|687332|None|None|None|0.0|0.0|None|TOR|Tor network
d5feccmeb4gpxmhb.onion|8333|70015|/Satoshi:0.20.0/|1623527923|1033|687327|None|None|None|0.0|0.0|None|TOR|Tor network
d5wywklvstqu7qcn.onion|8333|70015|/Satoshi:0.20.0/|1623527924|1037|687329|None|None|None|0.0|0.0|None|TOR|Tor network
d7hp6zajl4oojb7g.onion|8333|70015|/Satoshi:0.20.0/|1623527919|1037|687334|None|None|None|0.0|0.0|None|TOR|Tor network
dcgmq654i5m2syxc.onion|8333|70015|/Satoshi:0.18.1/|1623527921|1037|687332|None|None|None|0.0|0.0|None|TOR|Tor network
ddivo3bxxmaweb3q.onion|8333|70015|/Satoshi:0.18.1/|1623530877|1037|687332|None|None|None|0.0|0.0|None|TOR|Tor network
ddsnv5nr45l5lfrg.onion|8333|70015|/Satoshi:0.20.0/|1623527923|1037|687328|None|None|None|0.0|0.0|None|TOR|Tor network
detknmhyredi7yqmssbwdv5ckotfmkuozz7bdpyrgyjmvgr5vwdal3id.onion|8333|70016|/Satoshi:0.21.0/|1623527921|1032|687332|None|None|None|0.0|0.0|None|TOR|Tor network
dexst2aeitvs5ryi.onion|8333|70015|/Satoshi:0.18.1/|1623527917|1037|687326|None|None|None|0.0|0.0|None|TOR|Tor network
dimtntk3hxaw6ldg.onion|8333|70015|/Satoshi:0.20.0/|1623530876|1037|687332|None|None|None|0.0|0.0|None|TOR|Tor network
dinvipvvh676mol5.onion|8333|70015|/Satoshi:0.20.0/|1623529904|1033|687332|None|None|None|0.0|0.0|None|TOR|Tor network
diurghxbowx3cius.onion|8333|70015|/Satoshi:0.18.1/|1623527921|1037|687332|None|None|None|0.0|0.0|None|TOR|Tor network
dj6xnint6luqejka.onion|8333|70015|/Satoshi:0.18.0/|1623527921|1037|687332|None|None|None|0.0|0.0|None|TOR|Tor network
dm427ge6dks45ydedhw5zq6t3wqmhhy6mo3jxn55txelp4al34naleqd.onion|8333|70016|/Satoshi:0.21.0/|1623527930|1033|687331|None|None|None|0.0|0.0|None|TOR|Tor network
dmudsr7x7edvyglt.onion|8333|70015|/Satoshi:0.19.0.1/|1623530876|1033|687334|None|None|None|0.0|0.0|None|TOR|Tor network
dnb45gv4sk5u4gftiobjbvhn7dqzgzyrhpag72q46b22ewtkhesfz5ad.onion|8333|70016|/Satoshi:0.21.1/|1623527920|1037|687329|None|None|None|0.0|0.0|None|TOR|Tor network
doiuinov22txh2ht.onion|8333|70015|/Satoshi:0.20.1/|1623527923|1037|687334|None|None|None|0.0|0.0|None|TOR|Tor network
dpee26z3a5f5drbtq6uw237bu3rorxeb7yanabpp57vjpzwhyjaoldid.onion|8333|70016|/Satoshi:0.21.0/|1623527922|1037|687332|None|None|None|0.0|0.0|None|TOR|Tor network
dscmhf3vtk7yzuik.onion|8333|70015|/Satoshi:0.20.0/|1623531882|1037|687333|None|None|None|0.0|0.0|None|TOR|Tor network
dtnwa4key3eotk5wa2c3jighrqp4w6xuhg4guhsr7t6xhmw2jfbmdgad.onion|8333|70016|/Satoshi:0.21.1/|1623527935|1033|687329|None|None|None|0.0|0.0|None|TOR|Tor network
dtorjhbck4jzbrjs.onion|8333|70015|/Satoshi:0.20.0/|1623527919|1037|687327|None|None|None|0.0|0.0|None|TOR|Tor network
dtrtrrpvgtihm2pt.onion|8333|70016|/Satoshi:0.21.0/Knots:20210130/|1623527918|1037|687332|None|None|None|0.0|0.0|None|TOR|Tor network
dviz67xqdjibsmlq.onion|8333|70015|/Satoshi:0.20.1/|1623527962|1037|687329|None|None|None|0.0|0.0|None|TOR|Tor network
dxh5ht4g4idx5u3q.onion|8333|70016|/Satoshi:0.21.1/|1623529901|1033|687332|None|None|None|0.0|0.0|None|TOR|Tor network
dxvwoz4hzxzei5er.onion|8333|70015|/Satoshi:0.18.0/|1623527917|1037|687332|None|None|None|0.0|0.0|None|TOR|Tor network
dynjt2oda5mjslka.onion|8333|70015|/Satoshi:0.20.0/|1623527923|1037|687327|None|None|None|0.0|0.0|None|TOR|Tor network
dyzkwp4z7ypd4q3s.onion|8333|70015|/Satoshi:0.20.0/|1623530873|1037|687332|None|None|None|0.0|0.0|None|TOR|Tor network
e3csgztegl3rf46xsc3uhmq5kb3mj22upwhkvu7qbwpr43ygqfdzjnid.onion|8333|70016|/Satoshi:0.21.1/|1623529934|1037|687332|None|None|None|0.0|0.0|None|TOR|Tor network
e4zrfgs36hpiud35.onion|8333|70016|/Satoshi:0.21.0/|1623527923|1033|687332|None|None|None|0.0|0.0|None|TOR|Tor network
e5tvvnqgx4upgcnm.onion|8333|70015|/Satoshi:0.17.1/|1623527928|1037|687326|None|None|None|0.0|0.0|None|TOR|Tor network
e7vhxxfmvbtdpdmz.onion|8333|70015|/Satoshi:0.18.1/|1623527952|1037|687334|None|None|None|0.0|0.0|None|TOR|Tor network
eaxjuhvexjomn3pv.onion|8333|70015|/Satoshi:0.20.1/|1623527919|1033|687332|None|None|None|0.0|0.0|None|TOR|Tor network
ebtojut35xefzbvy.onion|8333|70015|/Satoshi:0.20.1/|1623527935|1033|687329|None|None|None|0.0|0.0|None|TOR|Tor network
ecj2smpl3troigfrqmnawc56vtlsotclc4ut5tevkyzrho5kmpnnalyd.onion|8333|70016|/Satoshi:0.21.0/|1623527958|1033|687329|None|None|None|0.0|0.0|None|TOR|Tor network
ef6jg5fcvu2x4og3nyawdtehjp2bcabi22v5nrycua4ifj2izzaariyd.onion|8333|70016|/Satoshi:0.21.1/|1623527920|1037|687332|None|None|None|0.0|0.0|None|TOR|Tor network
ei25tpc2e3nzjsuc.onion|8333|70015|/Satoshi:0.20.1/|1623527917|1037|687328|None|None|None|0.0|0.0|None|TOR|Tor network
eihhte4rs5ndbwue.onion|8333|70015|/Satoshi:0.19.0.1/|1623531868|1037|687332|None|None|None|0.0|0.0|None|TOR|Tor network
eiod46epj2tmyjpb.onion|8333|70015|/Satoshi:0.20.1/|1623527924|1037|687334|None|None|None|0.0|0.0|None|TOR|Tor network
ejxefzf5fpst4mg2rib7grksvscl7p6fvjp6agzgfc2yglxnjtxc3aid.onion|8333|70016|/Satoshi:0.21.1/|1623527912|1033|687328|None|None|None|0.0|0.0|None|TOR|Tor network
elsbi4iqd3o64jsy.onion|8333|70015|/Satoshi:0.20.1/|1623531885|1033|687332|None|None|None|0.0|0.0|None|TOR|Tor network
eohvmwbvdw5l2l2e.onion|8333|70015|/Satoshi:0.19.0.1/|1623527923|1032|687327|None|None|None|0.0|0.0|None|TOR|Tor network
eor4vsvf26udrcpgua5vmgwbuyadqe22zdo3srhzp5wiwj7eripeegyd.onion|8333|70016|/Satoshi:0.21.1/|1623527917|1037|687329|None|None|None|0.0|0.0|None|TOR|Tor network
epe7psdlddl2juox.onion|8333|70015|/Satoshi:0.20.1/|1623529906|1037|687332|None|None|None|0.0|0.0|None|TOR|Tor network
eqck4mxtzkklbbdg.onion|8333|70015|/Satoshi:0.20.0/|1623529908|1037|687332|None|None|None|0.0|0.0|None|TOR|Tor network
eqhddlb2qj24qey5xjode65wwnzq2xbmh5frk5nldeuephmpdibhhaad.onion|8333|70016|/Satoshi:0.21.0/|1623527925|1033|687332|None|None|None|0.0|0.0|None|TOR|Tor network
evxvtp6wuspt64qe.onion|8333|70015|/Satoshi:0.20.1/|1623527918|1033|687333|None|None|None|0.0|0.0|None|TOR|Tor network
ew54xnyymeeql5sr26nqvheyelywffccl7g2njwd4xaevzrh2sdljbad.onion|8333|70016|/Satoshi:0.21.1/|1623527926|1037|687328|None|None|None|0.0|0.0|None|TOR|Tor network
ewbirypmom5dw6ze.onion|8333|70015|/Satoshi:0.20.1/|1623527939|1033|687332|None|None|None|0.0|0.0|None|TOR|Tor network
eyyel3gonzchvcjwvikqzxtbbo54xtkjyhnj2nc2gv3yzis54e6arvad.onion|8333|70016|/Satoshi:0.21.0/|1623529903|1033|687332|None|None|None|0.0|0.0|None|TOR|Tor network
f3qlvdw2owlpxngr.onion|8333|70015|/Satoshi:0.20.1/|1623527917|1033|687334|None|None|None|0.0|0.0|None|TOR|Tor network
f43qulga2ncmdugy.onion|8333|70015|/Satoshi:0.20.0/|1623530876|1037|687333|None|None|None|0.0|0.0|None|TOR|Tor network
f5oluatvarv6okek.onion|8333|70015|/Satoshi:0.20.1/|1623527921|1032|687332|None|None|None|0.0|0.0|None|TOR|Tor network
f7mxa6llqbgxzuue.onion|8333|70015|/Satoshi:0.20.0/|1623527923|1033|687329|None|None|None|0.0|0.0|None|TOR|Tor network
fbpaimqpksk44qxh.onion|8333|70015|/Satoshi:0.20.1/|1623527917|1033|687332|None|None|None|0.0|0.0|None|TOR|Tor network
fcbgiofbaenwd3or.onion|8333|70015|/Satoshi:0.20.0/|1623527958|1037|687334|None|None|None|0.0|0.0|None|TOR|Tor network
fdkaufg2gkjyrnw2r5jahkn7e4sjzukqmjknkqstwcpnme5wf2vcnvqd.onion|8333|70016|/Satoshi:0.21.0/|1623527960|1037|687327|None|None|None|0.0|0.0|None|TOR|Tor network
fdvtlj3pscbxuh75.onion|8333|70015|/Satoshi:0.20.0/|1623530871|1033|687332|None|None|None|0.0|0.0|None|TOR|Tor network
fdwnynlgy2hq2g6v.onion|8333|70015|/Satoshi:0.20.1/|1623527921|1037|687332|None|None|None|0.0|0.0|None|TOR|Tor network
ffvyqz7kyyinz3hw.onion|8333|70015|/Satoshi:0.20.0/|1623530873|1033|687332|None|None|None|0.0|0.0|None|TOR|Tor network
fhurlubb62niouro.onion|8333|70016|/Satoshi:0.21.1/|1623527930|1033|687326|None|None|None|0.0|0.0|None|TOR|Tor network
fi7374ex746yb34uofqthqcqgz7rfdpm2gdbsrkveuj3v5aasfyjxpyd.onion|8333|70016|/Satoshi:0.21.1/|1623530880|1037|687334|None|None|None|0.0|0.0|None|TOR|Tor network
fju76rbuztarq7epipydyiip5vstyliadt5tty6avdwimct4uk6zyjyd.onion|8333|70016|/Satoshi:0.21.1/|1623531889|1033|687334|None|None|None|0.0|0.0|None|TOR|Tor network
fjvbgytsoxbqdc2y.onion|8333|70015|/Satoshi:0.20.0/|1623527932|1037|687334|None|None|None|0.0|0.0|None|TOR|Tor network
flhskwnddlwpdi23.onion|8333|70015|/Satoshi:0.20.0/|1623527915|1037|687332|None|None|None|0.0|0.0|None|TOR|Tor network
fliynlju3prz2tstfthsb77culkluqolcysdxwfdwxl2hul5igeqagid.onion|8333|70016|/Satoshi:0.21.1/|1623527921|1037|687329|None|None|None|0.0|0.0|None|TOR|Tor network
flyoddpvoccmeahp.onion|8333|70015|/Satoshi:0.18.1/|1623531881|1037|687333|None|None|None|0.0|0.0|None|TOR|Tor network
fm6b2ck6qkz5vgm3tptx7bmvr3wqxmqobhuwmbuckrjk2w2z2f5b2lyd.onion|8333|70016|/Satoshi:0.21.0/|1623529904|1037|687332|None|None|None|0.0|0.0|None|TOR|Tor network
fmk3nubscnpdyd6we6bo2wj4ban76wp32xvsjisgg6eosysqai7pgcad.onion|8333|70016|/Satoshi:0.21.1/|1623527917|1037|687327|None|None|None|0.0|0.0|None|TOR|Tor network
fodfrt3ljqlahseisdzhi7aaslaajioxhrf4dtzviexarjmo5yvzebad.onion|8333|70016|/Satoshi:0.21.1/|1623527918|1037|687329|None|None|None|0.0|0.0|None|TOR|Tor network
folnigfhy2srdsbr.onion|8333|70015|/Satoshi:0.20.0/|1623529903|1033|687332|None|None|None|0.0|0.0|None|TOR|Tor network
fqospzwbjvfbtjxn.onion|8333|70015|/Satoshi:0.20.0/|1623527919|1037|687334|None|None|None|0.0|0.0|None|TOR|Tor network
fsdcfnr4gqvljhr4vkypqykjxscrmtsxfxeixck4t7mng3vkkxx566id.onion|8333|70016|/Satoshi:0.21.1/|1623527918|1037|687332|None|None|None|0.0|0.0|None|TOR|Tor network
ftp5znysd6o64cks.onion|8333|70015|/Satoshi:0.20.0/|1623527918|1037|687332|None|None|None|0.0|0.0|None|TOR|Tor network
fuoy2ipuqrqwe5cf.onion|8333|70015|/Satoshi:0.20.0/|1623527921|1037|687326|None|None|None|0.0|0.0|None|TOR|Tor network
g2zbbtxmwjg5rwybpsbsbh35iwwaknpga2dbjgwhfezlij4kqdfzcfqd.onion|8333|70016|/Satoshi:0.21.1/|1623527938|1037|687327|None|None|None|0.0|0.0|None|TOR|Tor network
g42zlafwxjevaryi4aljxvnyapz64filmlu6hiuq4gxafioqcc5wwdqd.onion|8333|70016|/Satoshi:0.21.1/|1623528945|1037|687329|None|None|None|0.0|0.0|None|TOR|Tor network
g7ugyrpsivbn76clqtljm3ghjfgevyvmslfvldvnngqpfarq36jiy7qd.onion|8333|70016|/Satoshi:0.21.0/|1623529902|1033|687332|None|None|None|0.0|0.0|None|TOR|Tor network
gbwvv6avo4ufducdkkfyyiofiq4hc3mg7j4gcv64aqfa2uvchxfrddid.onion|8333|70016|/Satoshi:0.21.0/|1623527923|1032|687329|None|None|None|0.0|0.0|None|TOR|Tor network
gc3mgzba2ohaimmci56zechngmh5tmrsr57ksn6o322elgflsv2wvwid.onion|8333|70016|/Satoshi:0.21.0/|1623527995|1033|687332|None|None|None|0.0|0.0|None|TOR|Tor network
gdiyxl2ilf3s4slv.onion|8333|70015|/Satoshi:0.20.0/|1623531899|1037|687334|None|None|None|0.0|0.0|None|TOR|Tor network
gibvqeg7guk3vxk4mngdttl3yhmceumtbmm527aizq7ayhrpsburd3ad.onion|8333|70016|/Satoshi:0.21.1/|1623527923|1037|687329|None|None|None|0.0|0.0|None|TOR|Tor network
gjcxxzn3tesx4t7o.onion|8333|70015|/Satoshi:0.20.0/|1623529907|1033|687332|None|None|None|0.0|0.0|None|TOR|Tor network
gkzo2hlkmdkwbj2v.onion|8333|70015|/Satoshi:0.20.1/|1623531889|1033|687334|None|None|None|0.0|0.0|None|TOR|Tor network
gldtcstjcq32neqm.onion|8333|70015|/Satoshi:0.20.0/|1623527919|1037|687332|None|None|None|0.0|0.0|None|TOR|Tor network
gnwq5b3pvdiymn7d.onion|8333|70015|/Satoshi:0.20.0/|1623527917|1033|687329|None|None|None|0.0|0.0|None|TOR|Tor network
gpcifrnpejvbzfcx.onion|8333|70015|/Satoshi:0.18.0/|1623527921|1037|687332|None|None|None|0.0|0.0|None|TOR|Tor network
grl6ewbqjop7d3nsxas5vd5nysivujigid2ziiwe6s5gk2euvdomxiyd.onion|8333|70016|/Satoshi:0.21.0/|1623528945|1037|687332|None|None|None|0.0|0.0|None|TOR|Tor network
gsdpuourdls472ut.onion|8333|70015|/Satoshi:0.20.1/|1623527932|1032|687332|None|None|None|0.0|0.0|None|TOR|Tor network
gt3c3ddii73irs4e.onion|8333|70015|/Satoshi:0.20.0/|1623527924|1037|687332|None|None|None|0.0|0.0|None|TOR|Tor network
gtlcvlqss75flqqi.onion|8333|70015|/Satoshi:0.20.1/|1623527921|1032|687327|None|None|None|0.0|0.0|None|TOR|Tor network
guse37ayrs75tsuv.onion|8333|70015|/Satoshi:0.20.1/|1623527921|1037|687328|None|None|None|0.0|0.0|None|TOR|Tor network
gvo7cjgjf2q2a4ducxx36xoiupb7wx5jzpwmnoudhtmwlp5g4zvj6iad.onion|8333|70016|/Satoshi:0.21.0/|1623528945|1037|687329|None|None|None|0.0|0.0|None|TOR|Tor network
gxjoffghbnv64q2w.onion|8333|70015|/Satoshi:0.20.1/|1623527916|1033|687334|None|None|None|0.0|0.0|None|TOR|Tor network
gzzp3exlob7r5mazdcwqlm6qjqjrreseoedlgin5nkmyaetplszif2qd.onion|8333|70016|/Satoshi:0.21.0/|1623527916|1037|687329|None|None|None|0.0|0.0|None|TOR|Tor network
h333f4qnwe7mrymn.onion|8333|70015|/Satoshi:0.18.1/|1623527919|1037|687332|None|None|None|0.0|0.0|None|TOR|Tor network
h6ubv5voci2wxpra.onion|8333|70015|/Satoshi:0.20.0/|1623527923|1033|687332|None|None|None|0.0|0.0|None|TOR|Tor network
hcz6vlddmpmp2gwymtkh4m2xk76w24ohpt6inriowcctdmsnc2wyjyad.onion|8333|70016|/Satoshi:0.21.1/|1623527921|1033|687327|None|None|None|0.0|0.0|None|TOR|Tor network
hda6msa4v4rt77gx.onion|8333|70015|/Satoshi:0.17.1/|1623531891|1037|687332|None|None|None|0.0|0.0|None|TOR|Tor network
hdjmtn4om2tn53uw.onion|8333|70015|/Satoshi:0.20.1/|1623527918|1037|687332|None|None|None|0.0|0.0|None|TOR|Tor network
hlazot3yk3vnepex.onion|8333|70015|/Satoshi:0.20.0/|1623531888|1037|687332|None|None|None|0.0|0.0|None|TOR|Tor network
hlojuwiwbkoj4kdz.onion|8333|70015|/Satoshi:0.19.1/|1623527924|1033|687333|None|None|None|0.0|0.0|None|TOR|Tor network
hnxudsik36jzsv5r.onion|8333|70015|/Satoshi:0.18.1/|1623527972|1037|687332|None|None|None|0.0|0.0|None|TOR|Tor network
hnxyiysahnikxh7f5heepp3o2bpbwu3qzgkahicecfpnxp5gjbj5xdqd.onion|8333|70016|/Satoshi:0.21.1/|1623527925|1033|687329|None|None|None|0.0|0.0|None|TOR|Tor network
hsd5cbxmnltfgpe62imose2ivo4427ysuagqqwp6z3cd3evi2qee6uyd.onion|8333|70016|/Satoshi:0.21.1/|1623527924|1037|687332|None|None|None|0.0|0.0|None|TOR|Tor network
htf46av2qaebqhfk.onion|8333|70015|/Satoshi:0.18.1/|1623530878|1037|687332|None|None|None|0.0|0.0|None|TOR|Tor network
hwo2biyndrrvpl6f.onion|8333|70016|/Satoshi:0.21.1/|1623529903|1033|687334|None|None|None|0.0|0.0|None|TOR|Tor network
i3a5xtzfm4xwtybd.onion|8333|70015|/Satoshi:0.20.0/|1623527918|1037|687332|None|None|None|0.0|0.0|None|TOR|Tor network
i5yxndlpntmolsto.onion|8333|70015|/Satoshi:0.18.1/|1623527918|1037|687334|None|None|None|0.0|0.0|None|TOR|Tor network
i72g6tv2qn6cm6en.onion|8333|70015|/Satoshi:0.20.0/|1623529904|1037|687332|None|None|None|0.0|0.0|None|TOR|Tor network
ibiuq4qr3jejkvm3.onion|8333|70015|/Satoshi:0.17.1/|1623529904|1037|687334|None|None|None|0.0|0.0|None|TOR|Tor network
idsav4o2d5b5cpjz.onion|8333|70015|/Satoshi:0.20.1/|1623530872|1037|687332|None|None|None|0.0|0.0|None|TOR|Tor network
ieghlrdtlofd4tos.onion|8333|70015|/Satoshi:0.20.1/|1623527916|1033|687332|None|None|None|0.0|0.0|None|TOR|Tor network
ifsdsqvnhmus3pbzpc62kbv3vvdlf2meaelsaysawgqy7gtsswi3mnid.onion|8333|70016|/Satoshi:0.21.1/|1623527923|1037|687329|None|None|None|0.0|0.0|None|TOR|Tor network
ihfgsiuulcnbuzy2.onion|8333|70015|/Satoshi:0.20.1/|1623531876|1037|687332|None|None|None|0.0|0.0|None|TOR|Tor network
ihruuh77s3w3sjnty2eaje7mnu6niuqciytodesvmfwzu33ltflll4ad.onion|8333|70016|/Satoshi:0.21.0/|1623527924|1033|687329|None|None|None|0.0|0.0|None|TOR|Tor network
ij2ygfmyojqblazt.onion|8333|70015|/Satoshi:0.20.0/|1623527918|1037|687327|None|None|None|0.0|0.0|None|TOR|Tor network
ijdfp32jqff6sc6d.onion|8333|70016|/Satoshi:0.21.0/|1623527925|1033|687327|None|None|None|0.0|0.0|None|TOR|Tor network
il24cmlzgovj6nqp.onion|8333|70015|/Satoshi:0.20.0/|1623527918|1037|687332|None|None|None|0.0|0.0|None|TOR|Tor network
ilyxrmykijyfxmaj.onion|8333|70015|/Satoshi:0.20.0/|1623527932|1033|687332|None|None|None|0.0|0.0|None|TOR|Tor network
inisvzqb5dccrnyzhocvjtnrjr23a5zl3rjdojmgicny3algaaolu3qd.onion|8333|70016|/Satoshi:0.21.1/|1623527918|1032|687329|None|None|None|0.0|0.0|None|TOR|Tor network
ipdkcjvgw2g6zjwj.onion|8333|70015|/Satoshi:0.20.0/|1623527925|1037|687334|None|None|None|0.0|0.0|None|TOR|Tor network
irimuynaniasy2vz.onion|8333|70015|/Satoshi:0.20.1/|1623527923|1037|687334|None|None|None|0.0|0.0|None|TOR|Tor network
iv2tko6ehuyrabbe.onion|8333|70015|/Satoshi:0.19.0.1/|1623527916|1037|687327|None|None|None|0.0|0.0|None|TOR|Tor network
iwwmf7itollmo5v2vhps4pe3t5trigepixhkxj4ccuum65dohplnutad.onion|8333|70016|/Satoshi:0.21.0/|1623528943|1033|687328|None|None|None|0.0|0.0|None|TOR|Tor network
ixzkqf27yc5n4syi.onion|8333|70015|/Satoshi:0.20.1/|1623527919|1033|687334|None|None|None|0.0|0.0|None|TOR|Tor network
iy2jghv2paznxuor.onion|8333|70015|/Satoshi:0.20.0/|1623530878|1033|687332|None|None|None|0.0|0.0|None|TOR|Tor network
iz6stx362fouvd2s.onion|8333|70015|/Satoshi:0.20.1/|1623527918|1037|687332|None|None|None|0.0|0.0|None|TOR|Tor network
izzueeb42jcn2tq6.onion|8333|70015|/Satoshi:0.20.1/|1623527917|1033|687334|None|None|None|0.0|0.0|None|TOR|Tor network
j2ehpso7ngkscjrm.onion|8333|70015|/Satoshi:0.20.0(UASF-SegWit-BIP148)/|1623527925|1033|687326|None|None|None|0.0|0.0|None|TOR|Tor network
j37p5k46qbju7qwz.onion|8333|70015|/Satoshi:0.20.0/|1623531874|1037|687334|None|None|None|0.0|0.0|None|TOR|Tor network
j3nc6jjrr3dss4is.onion|8333|70015|/Satoshi:0.18.1/|1623529908|1037|687332|None|None|None|0.0|0.0|None|TOR|Tor network
j4xzrrspdf2blt4s.onion|8333|70015|/Satoshi:0.20.1/|1623527921|1037|687332|None|None|None|0.0|0.0|None|TOR|Tor network
j5ud33lj4ndjezlx.onion|8333|70015|/Satoshi:0.20.0/|1623527920|1037|687334|None|None|None|0.0|0.0|None|TOR|Tor network
j6klkyq5gqepr5fr366us5g6rprcq2k4wkszia4a5w4r5nkotajetvad.onion|8333|70016|/Satoshi:0.21.0/|1623531889|1037|687332|None|None|None|0.0|0.0|None|TOR|Tor network
jas24k2i7uxilfmm.onion|8333|70015|/Satoshi:0.20.0/|1623527916|1037|687326|None|None|None|0.0|0.0|None|TOR|Tor network
jgeak7ccue3djqfa.onion|8333|70015|/Satoshi:0.20.0/|1623531874|1037|687334|None|None|None|0.0|0.0|None|TOR|Tor network
jkehaudeuzjwqmii.onion|8333|70015|/Satoshi:0.20.1/|1623527921|1033|687332|None|None|None|0.0|0.0|None|TOR|Tor network
jnwtiz5ykblduuscr22frmria3dwrwpqz2tr6i2wrbkeyzdroeyyxqid.onion|8333|70016|/Satoshi:0.21.1/|1623527924|1037|687327|None|None|None|0.0|0.0|None|TOR|Tor network
jnz5xnau2vgnx73gtoii6lmrndjha7s4ab4s225lwejibzzxko4lmdid.onion|8333|70016|/Satoshi:0.21.1/|1623527922|1037|687327|None|None|None|0.0|0.0|None|TOR|Tor network
jq2cuhxukx2s34rq6tpwyz47subvkdioh56fswy5ofjcfoekwi3xamad.onion|8333|70016|/Satoshi:0.21.1/|1623527917|1037|687329|None|None|None|0.0|0.0|None|TOR|Tor network
jr5cwyr56623vwzx.onion|8333|70015|/Satoshi:0.20.1/|1623531879|1033|687333|None|None|None|0.0|0.0|None|TOR|Tor network
jsa4cxhkqide3dju.onion|8333|70015|/Satoshi:0.18.0/|1623527943|1037|687327|None|None|None|0.0|0.0|None|TOR|Tor network
jtadu67pzv574gy4.onion|8333|70015|/Satoshi:0.20.0(dim-3500)/|1623527920|1032|687332|None|None|None|0.0|0.0|None|TOR|Tor network
jtk5sediqgwstgoq.onion|8333|70015|/Satoshi:0.20.0(dim-3500)/|1623527915|1032|687334|None|None|None|0.0|0.0|None|TOR|Tor network
jujrqtnvcrvzzjn6jtuntvrtee2qr6u64zmkrub7igetuq52orucu6yd.onion|8333|70016|/Satoshi:0.21.0/|1623527918|1033|687328|None|None|None|0.0|0.0|None|TOR|Tor network
jxg2fqjprfjufsaw.onion|8333|70015|/Satoshi:0.20.1/|1623527925|1037|687327|None|None|None|0.0|0.0|None|TOR|Tor network
k2fbagorbd4rizcj.onion|8333|70016|/Satoshi:0.21.1/|1623528944|1033|687332|None|None|None|0.0|0.0|None|TOR|Tor network
k4ihsbegz4k5rwmm3b2hlx3nvyu67mgrurye5gcq7qih5scgoyterzad.onion|8333|70016|/Satoshi:0.21.0/|1623529909|1037|687332|None|None|None|0.0|0.0|None|TOR|Tor network
k4srtlnrr3mupdrt.onion|8333|70015|/Satoshi:0.20.0/|1623527917|1037|687334|None|None|None|0.0|0.0|None|TOR|Tor network
k4t2wbqvt2xbkyho.onion|8333|70015|/Satoshi:0.18.0/|1623527925|1037|687334|None|None|None|0.0|0.0|None|TOR|Tor network
k5uro6qhbn4nxr7i.onion|8333|70015|/Satoshi:0.19.0.1/|1623527957|1037|687329|None|None|None|0.0|0.0|None|TOR|Tor network
k6w6qmayqiazs7dpfx6cxecwuoykbhupclabxq5sdgx7e54ctkovytad.onion|8333|70016|/Satoshi:0.21.0/|1623527921|1037|687334|None|None|None|0.0|0.0|None|TOR|Tor network
k76jyq3vwtejco7m.onion|8333|70015|/Satoshi:0.20.0/|1623527919|1037|687332|None|None|None|0.0|0.0|None|TOR|Tor network
k7okdjtp2woxnbuicizvppzssppmsq55ggtfexjxufc4awn4rp5zqmad.onion|8333|70016|/Satoshi:0.21.1/|1623529905|1032|687332|None|None|None|0.0|0.0|None|TOR|Tor network
kdmjvpkkmra7jtoffdpm764qf3dm2gnytofoepr6dahuem4ris2usryd.onion|8333|70016|/Satoshi:0.21.0/|1623527937|1037|687329|None|None|None|0.0|0.0|None|TOR|Tor network
kfwbdposvj6urcxwligrinseemvwvf35pbyn77cbn5qnuhtl42urudyd.onion|8333|70016|/Satoshi:0.21.1/|1623527963|1037|687332|None|None|None|0.0|0.0|None|TOR|Tor network
kgcarpwdts5y5xhu.onion|8333|70015|/Satoshi:0.20.0/|1623530876|1033|687332|None|None|None|0.0|0.0|None|TOR|Tor network
kl63ceosoe7unezi.onion|8333|70015|/Satoshi:0.20.1/|1623531899|1037|687334|None|None|None|0.0|0.0|None|TOR|Tor network
klhij4ear5x7wrcf.onion|8333|70015|/Satoshi:0.19.1/|1623527943|1033|687332|None|None|None|0.0|0.0|None|TOR|Tor network
knwpnt4bhnlksohr.onion|8333|70015|/Satoshi:0.20.0/|1623527919|1037|687333|None|None|None|0.0|0.0|None|TOR|Tor network
ko6zteshdre3zpp7.onion|8333|70015|/Satoshi:0.20.0/|1623527919|1033|687332|None|None|None|0.0|0.0|None|TOR|Tor network
kpgvmscirrdqpekbqjsvw5teanhatztpp2gl6eee4zkowvwfxwenqaid.onion|8333|70016|/Satoshi:21.99.0/|1623527924|1032|687330|None|None|None|0.0|0.0|None|TOR|Tor network
kpigalevkpqwhyl7.onion|8333|70015|/Satoshi:0.20.1/|1623531882|1032|687334|None|None|None|0.0|0.0|None|TOR|Tor network
kptoyl22tggjqbuq.onion|8333|70015|/Satoshi:0.19.1/|1623529907|1033|687332|None|None|None|0.0|0.0|None|TOR|Tor network
kre5qbhtvlygqp2o27ocd5nt4y34nt2pmuale4eodbw6rjp2s2afxpid.onion|8333|70016|/Satoshi:0.21.1/|1623529905|1037|687332|None|None|None|0.0|0.0|None|TOR|Tor network
krfuwkzg2xcramls.onion|8333|70015|/Satoshi:0.20.0/|1623531892|1033|687332|None|None|None|0.0|0.0|None|TOR|Tor network
ku7zfr7jmdvds27ltghtfdkan6mcxetwxijr3yzffvuy4yu4rxhnyiyd.onion|8333|70016|/Satoshi:0.21.1/|1623527932|1037|687332|None|None|None|0.0|0.0|None|TOR|Tor network
kwngm5l7jlg4zloh.onion|8333|70015|/Satoshi:0.20.1/|1623527917|1037|687327|None|None|None|0.0|0.0|None|TOR|Tor network
kyl2wdi24phmtvdr.onion|8333|70015|/Satoshi:0.17.0/|1623527917|1037|687334|None|None|None|0.0|0.0|None|TOR|Tor network
kz5h76tnjsifnmbb.onion|8333|70015|/Satoshi:0.19.1/|1623531883|1037|678664|None|None|None|0.0|0.0|None|TOR|Tor network
kzorh62mmld2dhoq6rrzitr6jin42eu7sjkcemxj2pynwh2ojucvyzad.onion|8333|70016|/Satoshi:0.21.0/|1623527923|1037|687333|None|None|None|0.0|0.0|None|TOR|Tor network
l46k6s7vkckavt3f.onion|8333|70016|/Satoshi:0.21.1/|1623530873|1033|687332|None|None|None|0.0|0.0|None|TOR|Tor network
l4l6gkjqj4vodcwwooyk5tpnotec6sbk4g3sz4hrfziaiw3pxlv3h5qd.onion|8333|70016|/Satoshi:0.21.1/|1623529904|1033|687332|None|None|None|0.0|0.0|None|TOR|Tor network
l6blijset4slendy5atx7vvrkul7rxz6r6l5aueok4y7ijruuyclfoqd.onion|8333|70016|/Satoshi:0.21.0/|1623530876|1037|687332|None|None|None|0.0|0.0|None|TOR|Tor network
l7d3prezgbpu3scu2pklhiyqfg5trjxjeqlenplczt5bnxc5z4qs5rid.onion|8333|70016|/Satoshi:0.21.0/|1623527925|1037|687329|None|None|None|0.0|0.0|None|TOR|Tor network
l7iou7ndqugqctcnmryjizewhriyvxz63p3skhj2ez2px4j65eg2o7qd.onion|8333|70016|/Satoshi:0.21.1/|1623527918|1037|687328|None|None|None|0.0|0.0|None|TOR|Tor network
ldab7dhaxxuxkoxu.onion|8333|70015|/Satoshi:0.20.1/|1623527916|1037|687334|None|None|None|0.0|0.0|None|TOR|Tor network
ldetos63sd6m3wmf.onion|8333|70015|/Satoshi:0.18.0/|1623527918|1037|687334|None|None|None|0.0|0.0|None|TOR|Tor network
lerlhggizj2qsexp.onion|8333|70015|/Satoshi:0.18.1/|1623530879|1037|687333|None|None|None|0.0|0.0|None|TOR|Tor network
lhevfhscubzglzef.onion|8333|70015|/Satoshi:0.20.0/|1623527921|1037|687332|None|None|None|0.0|0.0|None|TOR|Tor network
lij4c222bkx3uxslc6xnlcqc7t5o3ovinaphtlpmsxf4x6uwzzjzqjyd.onion|8333|70016|/Satoshi:0.21.0/|1623527930|1037|687327|None|None|None|0.0|0.0|None|TOR|Tor network
limyd2ejbgaam3py.onion|8333|70015|/Satoshi:0.18.1/|1623527946|1037|687327|None|None|None|0.0|0.0|None|TOR|Tor network
lrjh6fywjqttmlifuemq3puhvmshxzzyhoqx7uoufali57eypuenzzid.onion|8333|70016|/Satoshi:0.21.1/|1623527923|1097|687332|None|None|None|0.0|0.0|None|TOR|Tor network
ltffyb574it4nrerqvc47goqkbvf7vh4sa563imztkp5cb2k2qisrkid.onion|8333|70016|/Satoshi:0.21.0/|1623527921|1037|687329|None|None|None|0.0|0.0|None|TOR|Tor network
lui64azatohnpcqe.onion|8333|70015|/Satoshi:0.20.0/|1623527918|1037|687332|None|None|None|0.0|0.0|None|TOR|Tor network
lv5eemgdzltrzeba.onion|8333|70015|/Satoshi:0.20.1/|1623530876|1037|687332|None|None|None|0.0|0.0|None|TOR|Tor network
lyijgrmzsj2novsn2aak7dfjnj5ukvwgewbt2mn3q6asjq3na45d2kid.onion|8333|70016|/Satoshi:0.21.0/|1623527919|1037|687332|None|None|None|0.0|0.0|None|TOR|Tor network
lz2zlnmyynwtgwf2.onion|8333|70015|/Satoshi:0.20.0/|1623527921|1037|687332|None|None|None|0.0|0.0|None|TOR|Tor network
lzz74sovslck4xliqglueneexcsomguqcw4wvwplfhrbjdoti6655xyd.onion|8333|70016|/Satoshi:0.21.0/|1623529937|1033|687332|None|None|None|0.0|0.0|None|TOR|Tor network
m2a7ksutyi23ihqvs4myuxqmtldoiuxohcae224hmj6ujohvrrvq6xid.onion|8333|70016|/Satoshi:0.21.1/|1623527918|1033|687329|None|None|None|0.0|0.0|None|TOR|Tor network
m3yqzythryowgedc.onion|8333|70015|/Satoshi:0.20.0(@wiz)/|1623527938|1037|687332|None|None|None|0.0|0.0|None|TOR|Tor network
m45zxm4ecwlsvnpvjcxicz77lgnzwzzfcjt2dzelwiqs4cmebkyjkayd.onion|8333|70016|/Satoshi:0.21.0/|1623527921|1037|687329|None|None|None|0.0|0.0|None|TOR|Tor network
m4vccouhmabnucus.onion|8333|70015|/Satoshi:0.18.1/|1623527921|1037|687334|None|None|None|0.0|0.0|None|TOR|Tor network
ma26qni2ftjfdjeb.onion|8333|70015|/Satoshi:0.19.1/|1623527924|1033|687332|None|None|None|0.0|0.0|None|TOR|Tor network
mc5f2ppssn4sqbhc.onion|8333|70015|/Satoshi:0.20.0/|1623528945|1037|687332|None|None|None|0.0|0.0|None|TOR|Tor network
md2xmqlbsuzguggq.onion|8333|70015|/Satoshi:0.20.1/|1623527923|1033|687334|None|None|None|0.0|0.0|None|TOR|Tor network
mding5pynls35aj3rlk6avugsfnghru3c4qyup5e3rmmalkqa5b7xiid.onion|8333|70016|/Satoshi:0.21.0/|1623527963|1037|687332|None|None|None|0.0|0.0|None|TOR|Tor network
mfzggelmplpxjmdr.onion|8333|70015|/Satoshi:0.20.0/|1623527919|1037|687332|None|None|None|0.0|0.0|None|TOR|Tor network
mgajgytxdkt44vse.onion|8333|70015|/Satoshi:0.20.0/|1623527916|1037|687333|None|None|None|0.0|0.0|None|TOR|Tor network
mgnevgzrf6ehksqm.onion|8333|70015|/Satoshi:0.20.1/|1623527921|1033|687333|None|None|None|0.0|0.0|None|TOR|Tor network
mjimb5mbup2x6kmcouincjbnc7iylk6ylu36ia6jh4mkibvrwoet22ad.onion|8333|70016|/Satoshi:0.21.0/|1623527925|1037|687328|None|None|None|0.0|0.0|None|TOR|Tor network
mkcqy2ujgroyydtn2j4ywu6rk4ry7ib7aujnodr666jo2ymdyby45oqd.onion|8333|70016|/Satoshi:0.21.1/|1623531875|1033|687333|None|None|None|0.0|0.0|None|TOR|Tor network
mm6lo2gyqskoanbx.onion|8333|70015|/Satoshi:0.20.0/|1623527930|1037|687332|None|None|None|0.0|0.0|None|TOR|Tor network
mr72pobmgpsgjmtj.onion|8333|70015|/Satoshi:0.20.1/|1623527933|1037|687326|None|None|None|0.0|0.0|None|TOR|Tor network
ms55ppywbkqj5xqb.onion|8333|70015|/Satoshi:0.20.0/|1623527925|1037|687332|None|None|None|0.0|0.0|None|TOR|Tor network
msj2zp6slgyseppymwpqs32fbtx3kxhz3gwna7gxkoyr5zrjurrfglid.onion|8333|70016|/Satoshi:0.21.1/|1623527958|1037|687332|None|None|None|0.0|0.0|None|TOR|Tor network
mt2zz2dxkcrf3j5pdfu5oafc6jjopflr4drubt7c76pzrt66byfmzrid.onion|8333|70016|/Satoshi:0.21.0/|1623527923|1037|687334|None|None|None|0.0|0.0|None|TOR|Tor network
muh7fl6nqks7wsx5.onion|8333|70015|/Satoshi:0.20.1/|1623527932|1033|687327|None|None|None|0.0|0.0|None|TOR|Tor network
mxdtrjhe2yfsx3pg.onion|8333|70015|/Satoshi:0.18.0/|1623527917|1037|687334|None|None|None|0.0|0.0|None|TOR|Tor network
mzb7c36shyxy4a5l.onion|8333|70015|/Satoshi:0.20.1/|1623531881|1037|687334|None|None|None|0.0|0.0|None|TOR|Tor network
mzgz5uarv2nt5sbmgztvkyrpt3jlhndlrhu5jys53r6qe63jcjlqj6yd.onion|8333|70016|/Satoshi:0.21.1/|1623527920|1037|687329|None|None|None|0.0|0.0|None|TOR|Tor network
n55hbhu5lgwwr2ry.onion|8333|70016|/Satoshi:0.21.0/|1623531876|1033|687334|None|None|None|0.0|0.0|None|TOR|Tor network
n6oa7rztrw7pgj3i.onion|8333|70015|/Satoshi:0.18.1/|1623530880|1037|687332|None|None|None|0.0|0.0|None|TOR|Tor network
n762tzm5vxtowa3iqqvvflkcf66p5o4wtxgpxvomjabqnazahs6yskyd.onion|8333|70016|/Satoshi:0.21.0/|1623527939|1037|687329|None|None|None|0.0|0.0|None|TOR|Tor network
na467xhb32qbjqch.onion|8333|70015|/Satoshi:0.20.1/|1623527964|1033|687332|None|None|None|0.0|0.0|None|TOR|Tor network
nafuo2vqivw4woox.onion|8333|70015|/Satoshi:0.20.0/|1623527919|1033|687334|None|None|None|0.0|0.0|None|TOR|Tor network
nbwqx6hxutmsvzzm.onion|8333|70015|/Satoshi:0.20.1/|1623527921|1037|687333|None|None|None|0.0|0.0|None|TOR|Tor network
ncb3wcbeqpqwfpgw.onion|8333|70015|/Satoshi:0.20.1/|1623527921|1033|687333|None|None|None|0.0|0.0|None|TOR|Tor network
ndzuye77jhoeocox.onion|8333|70015|/Satoshi:0.19.0.1/|1623527916|1033|687326|None|None|None|0.0|0.0|None|TOR|Tor network
nesxfmano25clfvn.onion|8333|70015|/Satoshi:0.20.0/|1623527917|1037|687334|None|None|None|0.0|0.0|None|TOR|Tor network
ngo6elgrdd7yxlt4.onion|8333|70016|/Satoshi:0.21.0/|1623527921|1033|687329|None|None|None|0.0|0.0|None|TOR|Tor network
nkf5e6b7pl4jfd4a.onion|8333|70016|/Satoshi:0.21.1/|1623527925|1033|687332|None|None|None|0.0|0.0|None|TOR|Tor network
nkxbb7kyfn6yxbin.onion|8333|70015|/Satoshi:0.20.0(wen schnorr?)/|1623531882|1033|687334|None|None|None|0.0|0.0|None|TOR|Tor network
nmmzkddhbm4w3pjd.onion|8333|70015|/Satoshi:0.20.1/|1623527916|1037|687332|None|None|None|0.0|0.0|None|TOR|Tor network
nnfkilwylleebpfm.onion|8333|70015|/Satoshi:0.20.1/|1623527933|1037|687329|None|None|None|0.0|0.0|None|TOR|Tor network
nrrmkgmulpgsbwlt.onion|8333|70015|/Satoshi:0.18.1/|1623527915|1037|687332|None|None|None|0.0|0.0|None|TOR|Tor network
ns5ktfrtyfokzndq.onion|8333|70015|/Satoshi:0.20.0/|1623527938|1033|687332|None|None|None|0.0|0.0|None|TOR|Tor network
ns7crnjptntel3wz.onion|8333|70015|/Satoshi:0.20.0/|1623529905|1037|687332|None|None|None|0.0|0.0|None|TOR|Tor network
nsqcn3yndlztas7certv3sfzi2tbdzhuvmp4ugaukxpmf3he7dexq7id.onion|8333|70016|/Satoshi:0.21.0/|1623527917|1037|687332|None|None|None|0.0|0.0|None|TOR|Tor network
nt64ujhnwvpyiey3.onion|8333|70015|/Satoshi:0.20.1/|1623527916|1032|687327|None|None|None|0.0|0.0|None|TOR|Tor network
ntr4oh3h3zmyobqgek2b7jxl6pezmzkayhspq4mrdyocgvgoolntz2yd.onion|8333|70016|/Satoshi:0.21.1/|1623527935|1101|687329|None|None|None|0.0|0.0|None|TOR|Tor network
ntv32jceqelbxysh.onion|8333|70015|/Satoshi:0.18.1/|1623527921|1037|687326|None|None|None|0.0|0.0|None|TOR|Tor network
nuv4i6kersowarc4.onion|8333|70015|/Satoshi:0.20.0/|1623527921|1037|687334|None|None|None|0.0|0.0|None|TOR|Tor network
nuvhdzt55dmjxvs4.onion|8333|70015|/Satoshi:0.20.1/|1623527918|1033|687332|None|None|None|0.0|0.0|None|TOR|Tor network
nvc3laz646ah2a3u.onion|8333|70015|/Satoshi:0.20.0/|1623527953|1033|687332|None|None|None|0.0|0.0|None|TOR|Tor network
nw3fdeuesc6kopbghwibzlwk27papnpysgg6t4hirhkthf7nbhdt4rid.onion|8333|70016|/Satoshi:0.21.1/|1623527918|1037|687332|None|None|None|0.0|0.0|None|TOR|Tor network
ny25lxh26cgmtc2kihcm54gpa7ufi4n53fcmpr6llqzkvlbe3ayfvhid.onion|8333|70016|/Satoshi:0.21.1/|1623527918|1037|687328|None|None|None|0.0|0.0|None|TOR|Tor network
o25wkcw7eorg2toi.onion|8333|70015|/Satoshi:0.20.1/Knots:20200815/|1623527928|1037|687334|None|None|None|0.0|0.0|None|TOR|Tor network
o346pturagonk7gp.onion|8333|70015|/Satoshi:0.20.0/|1623531906|1033|687332|None|None|None|0.0|0.0|None|None|None
o6fl5gbyf3kjsb4z.onion|8333|70015|/Satoshi:0.20.0/|1623531878|1037|687332|None|None|None|0.0|0.0|None|TOR|Tor network
obapxb2ifbnwmd2f.onion|8333|70015|/Satoshi:0.19.1/|1623531889|1037|687332|None|None|None|0.0|0.0|None|TOR|Tor network
ofqmpjns27rbm47y.onion|8333|70016|/Satoshi:0.21.1/|1623527931|1037|687326|None|None|None|0.0|0.0|None|TOR|Tor network
olgh33vlqkzt7q2h.onion|8333|70015|/Satoshi:0.20.0/|1623529904|1037|687332|None|None|None|0.0|0.0|None|TOR|Tor network
olyw7zotpz3rt7j7.onion|8333|70015|/Satoshi:0.20.0/|1623527924|1033|687332|None|None|None|0.0|0.0|None|TOR|Tor network
ooyrvzjvpjtzyh5flhbudnyeoiswyvbbl5yntv7hcur34abfegmq5lqd.onion|8333|70016|/Satoshi:0.21.1/|1623527963|1037|687329|None|None|None|0.0|0.0|None|TOR|Tor network
oszdrhxh2hsszdt7.onion|8333|70015|/Satoshi:0.20.0/|1623531876|1037|687332|None|None|None|0.0|0.0|None|TOR|Tor network
ovi45hmpasaddhac.onion|8333|70015|/Satoshi:0.20.1/|1623527926|1033|687334|None|None|None|0.0|0.0|None|TOR|Tor network
ovlzu6bgvmiqs7yw.onion|8333|70015|/Satoshi:0.20.0/|1623530875|1037|687332|None|None|None|0.0|0.0|None|TOR|Tor network
owfsyxqpdjladgdz.onion|8333|70015|/Satoshi:0.20.1/|1623531875|1033|687334|None|None|None|0.0|0.0|None|TOR|Tor network
p3ejlhrchtybnd5l.onion|8333|70015|/Satoshi:0.20.1/|1623531876|1032|687334|None|None|None|0.0|0.0|None|TOR|Tor network
p4kksir3hosxvsn2.onion|8333|70015|/Satoshi:0.20.0/|1623531881|1033|687333|None|None|None|0.0|0.0|None|TOR|Tor network
p4qhs4jwsom5f5oy.onion|8333|70015|/Satoshi:0.18.1/|1623531891|1037|687334|None|None|None|0.0|0.0|None|TOR|Tor network
p5we5zntjdepp44l.onion|8333|70016|/Satoshi:0.21.0/|1623527923|1033|687328|None|None|None|0.0|0.0|None|TOR|Tor network
p5wr5xn25bidf7hk.onion|8333|70015|/Satoshi:0.20.0/|1623527962|1033|687326|None|None|None|0.0|0.0|None|TOR|Tor network
p6jb3vu5wr4cgbvv.onion|8333|70015|/Satoshi:0.20.0/|1623527919|1037|687334|None|None|None|0.0|0.0|None|TOR|Tor network
p7jfo3o3aqqr4lj4tdjx3qhe7k4wn6uzyxjcbu2j3qnjarvnw6xwm6ad.onion|8333|70016|/Satoshi:0.21.0/|1623529905|1037|687332|None|None|None|0.0|0.0|None|TOR|Tor network
p7ubcnsc22yihkmz.onion|8333|70015|/Satoshi:0.20.0/|1623527918|1037|687334|None|None|None|0.0|0.0|None|TOR|Tor network
pa5o646rj7iatjjc.onion|8333|70015|/Satoshi:0.20.0/|1623527918|1037|687333|None|None|None|0.0|0.0|None|TOR|Tor network
paleecarf7tlxjreij3jxiv46bkrq6ezidttpobjoafrfpks5srqgjad.onion|8333|70016|/Satoshi:0.21.1/|1623530877|1037|687332|None|None|None|0.0|0.0|None|TOR|Tor network
pasmchtoooj2kchd.onion|8333|70015|/Satoshi:0.20.0/|1623529908|1033|687332|None|None|None|0.0|0.0|None|TOR|Tor network
pbdbc7tuyyyjkhxs.onion|8333|70015|/Satoshi:0.15.1/|1623527917|13|687327|None|None|None|0.0|0.0|None|TOR|Tor network
pclsv7moxsivvk437dmzfjkcqoof4teapjfo7xeu3xwhwojch6yc5myd.onion|8333|70016|/Satoshi:0.21.0/|1623527918|1032|687329|None|None|None|0.0|0.0|None|TOR|Tor network
pdapkkhk6pbcy2tj.onion|8333|70015|/Satoshi:0.20.1/|1623531885|1033|687334|None|None|None|0.0|0.0|None|TOR|Tor network
pdoukmm24wwmu5jx.onion|8333|70015|/Satoshi:0.20.1/|1623527922|1033|687334|None|None|None|0.0|0.0|None|TOR|Tor network
pfio3vzuodk6adbd.onion|8333|70015|/Satoshi:0.20.0/|1623527923|1033|687332|None|None|None|0.0|0.0|None|TOR|Tor network
pkzkfl4lnlyd7xl4.onion|8333|70015|/Satoshi:0.20.0/|1623529903|1033|687334|None|None|None|0.0|0.0|None|TOR|Tor network
pl7prusfzifg7wqa.onion|8333|70015|/Satoshi:0.19.0.1/|1623529933|1033|687332|None|None|None|0.0|0.0|None|TOR|Tor network
pmdycepgtncckngprblub52yprd6mjpcuytuin2gqhrdvlgmzxzhread.onion|8333|70016|/Satoshi:0.21.0/|1623527962|1033|687329|None|None|None|0.0|0.0|None|TOR|Tor network
pmjsxj7wuzga4xe3.onion|8333|70015|/Satoshi:0.20.1/|1623527919|1033|687332|None|None|None|0.0|0.0|None|TOR|Tor network
pnzybxyukvpwbzt4yfw6xihzxaa4slop3kf6clzen6eq6bqdknbf5qqd.onion|8333|70016|/Satoshi:0.21.1/|1623530876|1037|687332|None|None|None|0.0|0.0|None|TOR|Tor network
pvbivqea6cnkq5xjsh4siya26zndlgcflaerafrg3j4li5hehwtkuoid.onion|8333|70016|/Satoshi:0.21.1/|1623527921|1037|687328|None|None|None|0.0|0.0|None|TOR|Tor network
pvwzyb3jxkujnyrv.onion|8333|70015|/Satoshi:0.20.1/|1623531868|1037|687334|None|None|None|0.0|0.0|None|TOR|Tor network
pxot6q2qc4sc72w7.onion|8333|70015|/Satoshi:0.20.99/|1623527917|1032|687334|None|None|None|0.0|0.0|None|TOR|Tor network
pyf5xl6fnortuku6.onion|8333|70015|/Satoshi:0.20.0/|1623531874|1037|687334|None|None|None|0.0|0.0|None|TOR|Tor network
q2yxkoiotwscjbym.onion|8333|70015|/Satoshi:0.18.1/|1623527957|1037|687327|None|None|None|0.0|0.0|None|TOR|Tor network
q3in4hzywh2a5ae4bfzvzuhqcsk5eff4li3b76cpkl7xsgyfbbtymvad.onion|8333|70016|/Satoshi:0.21.1/|1623527921|1037|687334|None|None|None|0.0|0.0|None|TOR|Tor network
q5k4bow6cxjpue7c.onion|8333|70015|/Satoshi:0.20.0/|1623527921|1032|687327|None|None|None|0.0|0.0|None|TOR|Tor network
q66iartcbqpaxbq2.onion|8333|70015|/Satoshi:0.20.1/|1623527916|1033|687326|None|None|None|0.0|0.0|None|TOR|Tor network
qagrowkp6tbvswpixz6wi3qg7mbbnx5c6mpal5keqpnsgd7hpakg4eid.onion|8333|70016|/Satoshi:0.21.0/|1623527923|1037|687327|None|None|None|0.0|0.0|None|TOR|Tor network
qchatgbxcqr6m52i.onion|8333|70016|/Satoshi:0.21.1/|1623527924|1033|687332|None|None|None|0.0|0.0|None|TOR|Tor network
qdlg57tirgybtsqsis6vvfx6idfghbosh3sbksq47tlcykblxoinebad.onion|8333|70016|/Satoshi:0.21.0/|1623527924|1037|687332|None|None|None|0.0|0.0|None|TOR|Tor network
qf35p7uncbyygkgd.onion|8333|70015|/Satoshi:0.20.1/|1623527924|1033|687334|None|None|None|0.0|0.0|None|TOR|Tor network
qhkhusws6ywnpbgx.onion|8333|70015|/Satoshi:0.20.0/|1623527932|1037|687327|None|None|None|0.0|0.0|None|TOR|Tor network
qi4jx3q55nb6nr6ansm6rxpu5ohig6v6gc7ic77qnhsb4ojzn6xbdnad.onion|8333|70016|/Satoshi:0.21.1/|1623527918|1037|687332|None|None|None|0.0|0.0|None|TOR|Tor network
qmg77d3obyw66co2.onion|8333|70015|/Satoshi:0.18.1/|1623527963|1037|687327|None|None|None|0.0|0.0|None|TOR|Tor network
qn73i2amspmxt744jbfr4kix4cfmqfxrz55yihp7qj7fcxoc7yliqvad.onion|8333|70016|/Satoshi:0.21.1/|1623531888|1037|687334|None|None|None|0.0|0.0|None|TOR|Tor network
qojrs62uxpz7fvik.onion|8333|70015|/Satoshi:0.18.1/|1623531866|1037|687333|None|None|None|0.0|0.0|None|TOR|Tor network
qrzqfxkhrmu5v5ro.onion|8333|70015|/Satoshi:0.18.1/|1623531885|1037|687333|None|None|None|0.0|0.0|None|TOR|Tor network
qvdx2mb5o36j3b6u.onion|8333|70015|/Satoshi:0.20.0/|1623527918|1037|687332|None|None|None|0.0|0.0|None|TOR|Tor network
qvjrzjojqorrdsbw.onion|8333|70015|/Satoshi:0.20.0/|1623529904|1037|687334|None|None|None|0.0|0.0|None|TOR|Tor network
qwhqg7hjp6slwsa7ylkuh2j54zoraiy3nx3um4puluob57wa6uhxogyd.onion|8333|70016|/Satoshi:0.21.0/|1623527931|1037|687329|None|None|None|0.0|0.0|None|TOR|Tor network
qwmzpdvaybzebx6u.onion|8333|70015|/Satoshi:0.20.0/|1623527923|1037|687329|None|None|None|0.0|0.0|None|TOR|Tor network
qxdtcvyzqyzkswej.onion|8333|70015|/Satoshi:0.20.0/|1623530881|1033|687332|None|None|None|0.0|0.0|None|TOR|Tor network
qygbnnqcxqrdl4prvosqpkgtbezqqcbp45uc7ylbgdm5ak2npmwph2id.onion|8333|70016|/Satoshi:0.21.0/|1623527923|1037|687328|None|None|None|0.0|0.0|None|TOR|Tor network
r25lexasv5iyk4oe.onion|8333|70015|/Satoshi:0.20.0/|1623531883|1033|687332|None|None|None|0.0|0.0|None|TOR|Tor network
r2ozdjlnqqro66cx.onion|8333|70015|/Satoshi:0.20.0/|1623527919|1032|687332|None|None|None|0.0|0.0|None|TOR|Tor network
r3sf43if7ca7eoda.onion|8333|70015|/Satoshi:0.20.1/|1623527919|1032|687332|None|None|None|0.0|0.0|None|TOR|Tor network
r4gryd4cpj2t2f6ytaxkyztf7uqxyldpk7cqdpwrrf3muryjkzzny5qd.onion|8333|70016|/Satoshi:0.21.1/|1623527923|1037|687329|None|None|None|0.0|0.0|None|TOR|Tor network
rcifxibawqt6rxzz.onion|8333|70015|/Satoshi:0.20.1/|1623527952|1037|687332|None|None|None|0.0|0.0|None|TOR|Tor network
rejtsnc54yffqcqnubrole5z75cqugztfwfnu67po7aqt7xkln7i56id.onion|8333|70016|/Satoshi:0.21.1/|1623527919|1037|687329|None|None|None|0.0|0.0|None|TOR|Tor network
reqwmcenm4zzr6sk.onion|8333|70015|/Satoshi:0.20.1/|1623531870|1032|687334|None|None|None|0.0|0.0|None|TOR|Tor network
rhb2mfnx5dkq7uvm.onion|8333|70015|/Satoshi:0.20.0/|1623527918|1037|687332|None|None|None|0.0|0.0|None|TOR|Tor network
rjdiecisavmzxusa.onion|8333|70015|/Satoshi:0.20.0/|1623527925|1037|687334|None|None|None|0.0|0.0|None|TOR|Tor network
rk4vbyca7xnn3top.onion|8333|70015|/Satoshi:0.19.1/|1623527916|1033|687332|None|None|None|0.0|0.0|None|TOR|Tor network
roany2finibsg3ys.onion|8333|70016|/Satoshi:0.21.0/|1623531880|1033|687334|None|None|None|0.0|0.0|None|TOR|Tor network
roka7cxvoskwzlvqckyawvhm56kxu2oqleaecmlhvpowz673dnznzhad.onion|8333|70016|/Satoshi:0.21.0/|1623529933|1037|687334|None|None|None|0.0|0.0|None|TOR|Tor network
rqa2kwhkrr3g7z6b.onion|8333|70016|/Satoshi:0.21.0/|1623529937|1037|687332|None|None|None|0.0|0.0|None|TOR|Tor network
rqo5z6mle45lr6rw.onion|8333|70015|/Satoshi:0.20.1/|1623527924|1033|687334|None|None|None|0.0|0.0|None|TOR|Tor network
rqwty3g4ggf3yv5f.onion|8333|70015|/Satoshi:0.20.0/|1623527919|1033|687332|None|None|None|0.0|0.0|None|TOR|Tor network
rrmxf47tjxrzfkjo.onion|8333|70015|/Satoshi:0.20.1/|1623531866|1033|687332|None|None|None|0.0|0.0|None|TOR|Tor network
rrsappnokrofnogl.onion|8333|70015|/Satoshi:0.20.1/|1623527917|1033|687333|None|None|None|0.0|0.0|None|TOR|Tor network
rsdgmdtwn2yacbvt.onion|8333|70015|/Satoshi:0.20.0/|1623527931|1033|687329|None|None|None|0.0|0.0|None|TOR|Tor network
rsxr5zfsm4tmbynz.onion|8333|70015|/Satoshi:0.20.1/|1623527919|1033|687332|None|None|None|0.0|0.0|None|TOR|Tor network
ry6srihez2vgj4zq.onion|8333|70015|/Satoshi:0.20.0/|1623527923|1037|687326|None|None|None|0.0|0.0|None|TOR|Tor network
rz4ebc3i32cdsg6l.onion|8333|70015|/Satoshi:0.20.1/|1623527917|1037|687334|None|None|None|0.0|0.0|None|TOR|Tor network
s2mlhcxvpkqjaakg.onion|8333|70015|/Satoshi:0.20.1/|1623527923|1037|687333|None|None|None|0.0|0.0|None|TOR|Tor network
s3ld37kwy3zgqgtq.onion|8333|70015|/Satoshi:0.20.0/|1623527921|1037|687334|None|None|None|0.0|0.0|None|TOR|Tor network
s4p2i73y3ozzjwo5.onion|8333|70016|/Satoshi:0.21.0/|1623527921|1033|687326|None|None|None|0.0|0.0|None|TOR|Tor network
s5j4xpso3r7ic5vl.onion|8333|70015|/Satoshi:0.20.0/|1623527917|1037|687334|None|None|None|0.0|0.0|None|TOR|Tor network
s5luv3ylorw5qbvvcigseynh4o4pmse2kxk4dvggp56ge4auizzwhxyd.onion|8333|70016|/Satoshi:0.21.0/|1623527957|1037|687332|None|None|None|0.0|0.0|None|TOR|Tor network
s6ugamwoohsnunhw.onion|8333|70015|/Satoshi:0.20.0(dim-3500)/|1623527920|1032|687329|None|None|None|0.0|0.0|None|TOR|Tor network
s7ov4ooe6nuajlnd.onion|8333|70015|/Satoshi:0.20.0/|1623527923|1037|687332|None|None|None|0.0|0.0|None|TOR|Tor network
s7wif4okngvmdrsi.onion|8333|70016|/Satoshi:0.21.0/|1623527928|1101|687329|None|None|None|0.0|0.0|None|TOR|Tor network
sd7nbah6vsoqcvht.onion|8333|70016|/Satoshi:0.21.1/|1623530890|1033|687332|None|None|None|0.0|0.0|None|TOR|Tor network
sdi2bt6hkn2ws5fw.onion|8333|70015|/Satoshi:0.20.1/|1623531888|1032|687334|None|None|None|0.0|0.0|None|TOR|Tor network
se6ke3bfyair5i3z.onion|8333|70015|/Satoshi:0.20.0/|1623527925|1037|687329|None|None|None|0.0|0.0|None|TOR|Tor network
sfxgfootu7lmwkfw.onion|8333|70015|/Satoshi:0.20.1/|1623531888|1037|687333|None|None|None|0.0|0.0|None|TOR|Tor network
shi6qi4cmtbrzyvh.onion|8333|70015|/Satoshi:0.20.0/|1623527921|1037|687332|None|None|None|0.0|0.0|None|TOR|Tor network
sicnuamo2f6owy45g6kwoldf7ntcrxq5a4tfnkhcm57etmont3cpuuid.onion|8333|70016|/Satoshi:0.21.0/|1623527921|1037|687329|None|None|None|0.0|0.0|None|TOR|Tor network
siniqqhk3dn2r7k4.onion|8333|70015|/Satoshi:0.20.0/|1623527917|1037|687334|None|None|None|0.0|0.0|None|TOR|Tor network
sit2lp3dzkkwx3xa.onion|8333|70015|/Satoshi:0.18.1/|1623527972|1037|687326|None|None|None|0.0|0.0|None|TOR|Tor network
sjddr7kkp3rrt5f2.onion|8333|70015|/Satoshi:0.20.1/|1623527917|1037|687332|None|None|None|0.0|0.0|None|TOR|Tor network
sjyzmwwu6diiit3r.onion|8333|70016|/Satoshi:0.21.1(@emzy)/|1623527921|1037|687332|None|None|None|0.0|0.0|None|TOR|Tor network
slx4mcqwzto6qwrr.onion|8333|70015|/Satoshi:0.20.1/|1623529934|1037|687332|None|None|None|0.0|0.0|None|TOR|Tor network
slzvzubqqke26kk5.onion|8333|70015|/Satoshi:0.20.2/|1623527919|1037|687334|None|None|None|0.0|0.0|None|TOR|Tor network
srkgyv5edn2pa7il.onion|8333|70015|/Satoshi:0.18.0/|1623527912|1037|687332|None|None|None|0.0|0.0|None|TOR|Tor network
szis2qv5w4mcifji.onion|8333|70016|/Satoshi:0.21.0/|1623527920|1033|687329|None|None|None|0.0|0.0|None|TOR|Tor network
t2thr46jg7wga5ng.onion|8333|70015|/Satoshi:0.17.1/|1623527915|1036|687332|None|None|None|0.0|0.0|None|TOR|Tor network
t3i5ygmuxr43dok6.onion|8333|70015|/Satoshi:0.20.0/|1623527949|1037|687334|None|None|None|0.0|0.0|None|TOR|Tor network
t42j4q6xkvpdrclg.onion|8333|70015|/Satoshi:0.18.1/|1623527935|1037|687326|None|None|None|0.0|0.0|None|TOR|Tor network
t6geacfhw32sucun.onion|8333|70015|/Satoshi:0.20.0(dim-3500)/|1623527926|1032|687332|None|None|None|0.0|0.0|None|TOR|Tor network
tbl4lvpvpjntsyhe.onion|8333|70015|/Satoshi:0.20.0/|1623527919|1033|687334|None|None|None|0.0|0.0|None|TOR|Tor network
tfofxe6xppqqthf4.onion|8333|70015|/Satoshi:0.20.0/|1623529905|1037|687332|None|None|None|0.0|0.0|None|TOR|Tor network
tgjslnjoaaujhpjp.onion|8333|70015|/Satoshi:0.18.1/|1623529906|1037|687332|None|None|None|0.0|0.0|None|TOR|Tor network
tgwzuoik2ssnrnv2xuwpgktk4zxtqqnawrshhbs5dpvn2mvpsrvvmrqd.onion|8333|70016|/Satoshi:0.21.1/|1623527923|1037|687334|None|None|None|0.0|0.0|None|TOR|Tor network
tifar4ppsnxcynju.onion|8333|70015|/Satoshi:0.20.1/|1623527924|1032|687328|None|None|None|0.0|0.0|None|TOR|Tor network
tiiedeiliym7rrg7.onion|8333|70015|/Satoshi:0.20.1/|1623529903|1037|687332|None|None|None|0.0|0.0|None|TOR|Tor network
tknygvrbruv5sulp.onion|8333|70015|/Satoshi:0.19.1/|1623527939|1033|687333|None|None|None|0.0|0.0|None|TOR|Tor network
tlts7r5oljzqwhlwsxezkqhr43rtpuqtbrbpzuswo5furzzsppraekqd.onion|8333|70016|/Satoshi:0.21.1/|1623527962|1032|687332|None|None|None|0.0|0.0|None|TOR|Tor network
tlyywc6n3ucxy6ds.onion|8333|70015|/Satoshi:0.20.1/|1623527919|1033|687332|None|None|None|0.0|0.0|None|TOR|Tor network
tmn5ceuehgciobb4.onion|8333|70015|/Satoshi:0.19.1/|1623527919|1033|687334|None|None|None|0.0|0.0|None|TOR|Tor network
tqrxriljilctclzz3gnv4iszaakp7tktnrhfjjqp53jtj5yuqwikqyyd.onion|8333|70016|/Satoshi:0.21.1/|1623531867|1037|687334|None|None|None|0.0|0.0|None|TOR|Tor network
trz7nrtpdkbebgvj.onion|8333|70015|/Satoshi:0.18.1/|1623527939|1037|687332|None|None|None|0.0|0.0|None|TOR|Tor network
trzepahzstkjadkq.onion|8333|70015|/Satoshi:0.20.0/|1623527959|1037|687333|None|None|None|0.0|0.0|None|TOR|Tor network
tuwj7ju4s25345pg.onion|8333|70015|/Satoshi:0.20.1/|1623527919|1033|687334|None|None|None|0.0|0.0|None|TOR|Tor network
tzrhs3fkg7c7gwy2.onion|8333|70015|/Satoshi:0.20.1/|1623529911|1037|687333|None|None|None|0.0|0.0|None|TOR|Tor network
u3t5i5xnspr3onrq.onion|8333|70015|/Satoshi:0.20.0/|1623531898|1037|687332|None|None|None|0.0|0.0|None|TOR|Tor network
u5727vngus4f455r.onion|8333|70015|/Satoshi:0.20.0/|1623529937|1033|687332|None|None|None|0.0|0.0|None|TOR|Tor network
u5zbjudhiy54raqh.onion|8333|70015|/Satoshi:0.20.0/|1623527924|1037|687332|None|None|None|0.0|0.0|None|TOR|Tor network
u6eypbufy3vn2qjjvw4e5x4hzyzaw3micwv6irhkkfsspxbrc5nieiqd.onion|8333|70016|/Satoshi:0.21.0/|1623527923|1037|687329|None|None|None|0.0|0.0|None|TOR|Tor network
u7bllmo4eu2v3sdnn5lvz64yhnq7zzcyfwc2rqa5jlfzu6ft2z4yjzyd.onion|8333|70016|/Satoshi:0.21.0/|1623529908|1033|687332|None|None|None|0.0|0.0|None|TOR|Tor network
u7vlk73ryujrza3cj4mmk3dfloo5brdhc3zguuviksibg2mvpw4ycpqd.onion|8333|70016|/Satoshi:0.21.1/|1623527957|1037|687328|None|None|None|0.0|0.0|None|TOR|Tor network
ueri3qz6gjf57qi3.onion|8333|70016|/Satoshi:0.21.0/|1623527917|1033|687332|None|None|None|0.0|0.0|None|TOR|Tor network
uf3wumekgeizeu6b.onion|8333|70015|/Satoshi:0.18.0/|1623530876|1037|687332|None|None|None|0.0|0.0|None|TOR|Tor network
uku6ods34zztn6sd.onion|8333|70015|/Satoshi:0.19.1/|1623527919|1033|687334|None|None|None|0.0|0.0|None|TOR|Tor network
ukv2gj7ihx4yphhs.onion|8333|70015|/Satoshi:0.20.0/|1623527923|1037|687332|None|None|None|0.0|0.0|None|TOR|Tor network
ul6ccpw53bbuzeb2.onion|8333|70015|/Satoshi:0.20.0/|1623531864|1037|687334|None|None|None|0.0|0.0|None|TOR|Tor network
umkl4mkrggtgwueszamzomshrptaxwwt4qx2uqszz7ie7d5pxvoangqd.onion|8333|70016|/Satoshi:0.21.1/|1623527923|1037|687329|None|None|None|0.0|0.0|None|TOR|Tor network
uqfeegr2vep7nuy7.onion|8333|70016|/Satoshi:0.21.1/|1623531864|1033|687334|None|None|None|0.0|0.0|None|TOR|Tor network
uthieefkkqjlg227.onion|8333|70016|/Satoshi:0.21.0/|1623527928|1033|687326|None|None|None|0.0|0.0|None|TOR|Tor network
utm52hyprjgwmjqyb2fnnudzojeljeqnqxzrg3uzm2bb7oje2ovm33qd.onion|8333|70016|/Satoshi:0.21.0/|1623527918|1033|687328|None|None|None|0.0|0.0|None|TOR|Tor network
uwfaooyxgdvizytp.onion|8333|70015|/Satoshi:0.20.0/|1623529905|1037|687333|None|None|None|0.0|0.0|None|TOR|Tor network
uxnpz3uldt4guuog.onion|8333|70015|/Satoshi:0.20.1/|1623527912|1033|687327|None|None|None|0.0|0.0|None|TOR|Tor network
uyz22gluaih5zv62.onion|8333|70015|/Satoshi:0.20.1/|1623527916|1037|687332|None|None|None|0.0|0.0|None|TOR|Tor network
uyzij3jlpyt66ysb.onion|8333|70015|/Satoshi:0.20.1/|1623527919|1033|687334|None|None|None|0.0|0.0|None|TOR|Tor network
uz6yppgbdadjovwrwwet7gjhcr4mqrzpq6utyyuto6gxtucqk6nbv3id.onion|8333|70016|/Satoshi:0.21.1/|1623527921|1033|687328|None|None|None|0.0|0.0|None|TOR|Tor network
uznn5uesrjk3p6d3tyv3pam4jpvwgwwljwmphgnlqazvb2nhsummduqd.onion|8333|70016|/Satoshi:0.21.1/|1623527937|1033|687332|None|None|None|0.0|0.0|None|TOR|Tor network
v5l4mksyb6d5zm4z.onion|8333|70015|/Satoshi:0.20.0/|1623529906|1037|687332|None|None|None|0.0|0.0|None|TOR|Tor network
vd5kdepzzt42waa3.onion|8333|70015|/Satoshi:0.18.1/|1623527918|1037|687326|None|None|None|0.0|0.0|None|TOR|Tor network
vfioeb7rkv24rw2a.onion|8333|70015|/Satoshi:0.20.1/|1623531866|1037|687334|None|None|None|0.0|0.0|None|TOR|Tor network
vhoymmcs5xtt2xb7la4irs7unb74ifzsofz47bx4e5mrcwldcu7ed7id.onion|8333|70016|/Satoshi:0.21.0/|1623527917|1033|687329|None|None|None|0.0|0.0|None|TOR|Tor network
vi5esk2a46tvfgwlyvmhvntdzjhivpgvegupr44f6wwemlehbmkxaiad.onion|8333|70016|/Satoshi:0.21.1/|1623527921|1037|687332|None|None|None|0.0|0.0|None|TOR|Tor network
vlbn4vw5nm55romc7wagisfj2hef7jug5je7lwekxgmodzhzecv25rqd.onion|8333|70016|/Satoshi:0.21.1/|1623527939|1037|687332|None|None|None|0.0|0.0|None|TOR|Tor network
vlv3zwtbr4b62gj6.onion|8333|70015|/Satoshi:0.20.1/|1623527919|1033|687333|None|None|None|0.0|0.0|None|TOR|Tor network
vmdebvrgwkfcbt3r.onion|8333|70015|/Satoshi:0.20.0(dim-3500)/|1623527923|1032|687329|None|None|None|0.0|0.0|None|TOR|Tor network
vn24ebbkkkinmcb3.onion|8333|70015|/Satoshi:0.20.1/|1623527920|1037|687332|None|None|None|0.0|0.0|None|TOR|Tor network
voteoowq2t7ze3xa.onion|8333|70015|/Satoshi:0.20.1/|1623531880|1033|687332|None|None|None|0.0|0.0|None|TOR|Tor network
vrd32hwu77qkaiclk5qjq22jq3ol43lja63lrpcmju7ymu6ly3koguid.onion|8333|70016|/Satoshi:0.21.0/|1623529937|1037|687332|None|None|None|0.0|0.0|None|TOR|Tor network
w3jupzcsce6qkzh4.onion|8333|70015|/Satoshi:0.20.0/|1623531872|1037|687333|None|None|None|0.0|0.0|None|TOR|Tor network
w7pxcafhz6j3kgddmmo6cpyhagwe4cpk2veetyun7w3v5zhnvyusd5ad.onion|8333|70016|/Satoshi:0.21.0/|1623527963|1037|687329|None|None|None|0.0|0.0|None|TOR|Tor network
w7xnflgvq7rfj64vloxpnrb3ihnxeek3o776g253y4kmkcl5yuvqztqd.onion|8333|70016|/Satoshi:0.21.1/|1623527919|1037|687329|None|None|None|0.0|0.0|None|TOR|Tor network
wahaipny4oajxsae.onion|8333|70015|/Satoshi:0.20.1/|1623530872|1037|687332|None|None|None|0.0|0.0|None|TOR|Tor network
wav7sxdsql24vxyykuj3kaokvm27ydfryrdnvz5oj2hr7pxw54hkyzid.onion|8333|70016|/Satoshi:0.21.1/|1623527963|1033|687332|None|None|None|0.0|0.0|None|TOR|Tor network
wcctewfnpgu3vhqyqrho37tns4z6cmcnuqgal2q4wegikxo5m6ujbyid.onion|8333|70016|/Satoshi:0.21.1/|1623527917|1037|687329|None|None|None|0.0|0.0|None|TOR|Tor network
wfaeei57yvsomrqd.onion|8333|70015|/Satoshi:0.20.0/|1623527917|1037|687333|None|None|None|0.0|0.0|None|TOR|Tor network
whdetmacwk572u7x.onion|8333|70015|/Satoshi:0.20.0/|1623530878|1037|687332|None|None|None|0.0|0.0|None|TOR|Tor network
whjog6ygvf6qweur.onion|8333|70015|/Satoshi:0.20.0/|1623527917|1033|687332|None|None|None|0.0|0.0|None|TOR|Tor network
wlitbo7j7zrjm3gk.onion|8333|70015|/Satoshi:0.20.0/|1623531891|1037|687334|None|None|None|0.0|0.0|None|TOR|Tor network
wpvksrcm6qghhjsf.onion|8333|70015|/Satoshi:0.20.1/|1623527923|1033|687327|None|None|None|0.0|0.0|None|TOR|Tor network
wu4omqk6noauwixjjamfx7w5twx55qwk33q422xiittarx2kuqmv6sqd.onion|8333|70016|/Satoshi:0.21.0/|1623529904|1033|687332|None|None|None|0.0|0.0|None|TOR|Tor network
wwrutkcugkusgiqb.onion|8333|70015|/Satoshi:0.20.0/|1623527923|1037|687329|None|None|None|0.0|0.0|None|TOR|Tor network
wz5ww6pvgdzd4ltanosgcfyt3buez62o5itzozjo7rkiwriop6rkenad.onion|8333|70016|/Satoshi:0.21.0/|1623527924|1037|687329|None|None|None|0.0|0.0|None|TOR|Tor network
wzsfijaar6te4c2cgfsonin4amwraa4jwcnad45rm6tpkg2sw5ujq3id.onion|8333|70016|/Satoshi:0.21.0/|1623527921|1033|687329|None|None|None|0.0|0.0|None|TOR|Tor network
x6lazggouvl7jcaa.onion|8333|70015|/Satoshi:0.20.1/|1623527916|1033|687332|None|None|None|0.0|0.0|None|TOR|Tor network
x75xs7emsrj3oaje.onion|8333|70015|/Satoshi:0.18.1/|1623530873|1037|687332|None|None|None|0.0|0.0|None|TOR|Tor network
xab45bpmmrl5g3by.onion|8333|70015|/Satoshi:0.18.0/|1623527915|1037|687333|None|None|None|0.0|0.0|None|TOR|Tor network
xalnjmqcjkig6dmi.onion|8333|70015|/Satoshi:0.20.1/|1623527919|1037|687332|None|None|None|0.0|0.0|None|TOR|Tor network
xfbkcyivnvlw2dj6.onion|8333|70015|/Satoshi:0.20.0/|1623529903|1032|687333|None|None|None|0.0|0.0|None|TOR|Tor network
xhspucrigvwokxhkcod6yj7gh76dcbp2v77sqqtypbedwvoh23odldad.onion|8333|70016|/Satoshi:0.21.0/|1623527919|1032|687328|None|None|None|0.0|0.0|None|TOR|Tor network
xirof6gzput4tw7wsovhvut7ews7cjxtikowdqxb4xbs4kh4in6otaid.onion|8333|70016|/Satoshi:0.21.1/|1623527923|1037|687327|None|None|None|0.0|0.0|None|TOR|Tor network
xjuvj225gf23j3eo.onion|8333|70015|/Satoshi:0.19.1/|1623527917|1033|687326|None|None|None|0.0|0.0|None|TOR|Tor network
xkvgbdfujar3nz4trp2mtyfqumdxjq2jehq7wqwyfoy5fz6drhricyid.onion|8333|70016|/Satoshi:0.21.1/|1623527920|1037|687329|None|None|None|0.0|0.0|None|TOR|Tor network
xkxupohz6nl4imjv.onion|8333|70015|/Satoshi:0.20.0/|1623527923|1037|687332|None|None|None|0.0|0.0|None|TOR|Tor network
xnk7htmhwuibhevx.onion|8333|70015|/Satoshi:0.20.1/|1623527919|1037|687332|None|None|None|0.0|0.0|None|TOR|Tor network
xnsfbjzx2dkyy2s2.onion|8333|70015|/Satoshi:0.19.0.1/|1623531875|1033|687334|None|None|None|0.0|0.0|None|TOR|Tor network
xnw2yl4fyv5gqsuj.onion|8333|70015|/Satoshi:0.20.1/|1623527938|1032|687334|None|None|None|0.0|0.0|None|TOR|Tor network
xo5marilhuyo7but.onion|8333|70015|/Satoshi:0.20.0/|1623527919|1033|687334|None|None|None|0.0|0.0|None|TOR|Tor network
xocvz3dzyu2kzu6f.onion|8333|70015|/Satoshi:0.20.1/|1623530889|1033|687334|None|None|None|0.0|0.0|None|TOR|Tor network
xqjpnpc4nelclexc.onion|8333|70015|/Satoshi:0.20.0/|1623527964|1037|687332|None|None|None|0.0|0.0|None|TOR|Tor network
xrkb225h5plpf2e6.onion|8333|70015|/Satoshi:0.18.0/|1623527923|1037|687332|None|None|None|0.0|0.0|None|TOR|Tor network
xtl652qwack647pk.onion|8333|70015|/Satoshi:0.18.1/|1623527923|1037|687329|None|None|None|0.0|0.0|None|TOR|Tor network
xudewd3fxt6s65eo.onion|8333|70016|/Satoshi:0.21.1/|1623527919|1033|687327|None|None|None|0.0|0.0|None|TOR|Tor network
xugf6leif2h7sanb57ojszd7sa35ukplusmljyw2esxcmptmlkirzsyd.onion|8333|70016|/Satoshi:0.21.0/|1623529904|1033|687332|None|None|None|0.0|0.0|None|TOR|Tor network
xv4vqgvbayuxrnck.onion|8333|70015|/Satoshi:0.20.1/|1623527916|1033|687332|None|None|None|0.0|0.0|None|TOR|Tor network
xw3yb5w3mnyqhq4s.onion|8333|70015|/Satoshi:0.20.1(Omni:0.10.0; bitcore)/|1623527917|1037|687332|None|None|None|0.0|0.0|None|TOR|Tor network
xwbwqq3vwbdjfysw.onion|8333|70015|/Satoshi:0.20.1/|1623527962|1033|687327|None|None|None|0.0|0.0|None|TOR|Tor network
xy4ks5vnwk7bams5.onion|8333|70015|/Satoshi:0.18.1/|1623527961|1037|687326|None|None|None|0.0|0.0|None|TOR|Tor network
xyjxqfp5yd6ps3h2.onion|8333|70015|/Satoshi:0.20.0/|1623527921|1037|687332|None|None|None|0.0|0.0|None|TOR|Tor network
xymwciztelsb756f.onion|8333|70015|/Satoshi:0.20.0/|1623531891|1037|687334|None|None|None|0.0|0.0|None|TOR|Tor network
y3kj7djc2a4dbz4j.onion|8333|70015|/Satoshi:0.19.0.1/|1623527919|1033|687332|None|None|None|0.0|0.0|None|TOR|Tor network
y7z26uuzfv6wyrng.onion|8333|70015|/Satoshi:0.20.0/|1623529936|1033|687333|None|None|None|0.0|0.0|None|TOR|Tor network
ybhzvbjlcyr556irjtrwa2qz44ri44r5dn45vfj7zjnot445dnv24tyd.onion|8333|70016|/Satoshi:0.21.1/|1623529905|1037|687332|None|None|None|0.0|0.0|None|TOR|Tor network
ycai2dmfdg5pusxg.onion|8333|70015|/Satoshi:0.20.0/|1623529906|1037|687332|None|None|None|0.0|0.0|None|TOR|Tor network
ydfu3kndnu7niuc5.onion|8333|70015|/Satoshi:0.20.0/|1623527923|1037|687332|None|None|None|0.0|0.0|None|TOR|Tor network
ygwcypmb2qiotrp3.onion|8333|70015|/Satoshi:0.19.1/|1623527919|1033|687334|None|None|None|0.0|0.0|None|TOR|Tor network
yh5fzdl2cu5k7soz.onion|8333|70015|/Satoshi:0.20.1/|1623529906|1037|687334|None|None|None|0.0|0.0|None|TOR|Tor network
yjhnfu75lazbi34h.onion|8333|70015|/Satoshi:0.17.1/|1623527911|1037|687332|None|None|None|0.0|0.0|None|TOR|Tor network
ykqnarzdfocfeasi.onion|8333|70015|/Satoshi:0.18.1/|1623531875|1037|687332|None|None|None|0.0|0.0|None|TOR|Tor network
yon6dgb7k7iewrmw.onion|8333|70015|/Satoshi:0.20.1/|1623527921|1033|687332|None|None|None|0.0|0.0|None|TOR|Tor network
ypfhih6fwxbvjk6az3yzljjutyimjifeswecb7py6gd5qltnxsnw4cad.onion|8333|70016|/Satoshi:0.21.1/|1623527923|1037|687332|None|None|None|0.0|0.0|None|TOR|Tor network
yrsuehajynvdul7qo265sitcs5odrysqphp4esvhbccd2cquc5lxacid.onion|8333|70016|/Satoshi:0.21.1/|1623527923|1037|687327|None|None|None|0.0|0.0|None|TOR|Tor network
ytpus4vx5w7j6wp2.onion|8333|70015|/Satoshi:0.18.1(Omni:0.8.1)/|1623531887|1037|687334|None|None|None|0.0|0.0|None|TOR|Tor network
yvgzvmh4ngi36zvn7pe3bocsxj6pccafh7v6wmswkdobbxdzh3b56iyd.onion|8333|70016|/Satoshi:0.21.0/|1623528945|1037|687332|None|None|None|0.0|0.0|None|TOR|Tor network
yvlqrfkvaqazlr5nwzwv3mrmixhrcpcbhrjagy2sahn6z6gyww7nwaqd.onion|8333|70016|/Satoshi:0.21.0/|1623529936|1037|687332|None|None|None|0.0|0.0|None|TOR|Tor network
yyvaeeuxggecxwoi.onion|8333|70015|/Satoshi:0.20.1/|1623529905|1037|687332|None|None|None|0.0|0.0|None|TOR|Tor network
z345sauqoipjmau3.onion|8333|70015|/Satoshi:0.20.0/|1623527920|1037|687334|None|None|None|0.0|0.0|None|TOR|Tor network
z35xbo2q2mclub2pfljc6q4czxuvbivohmuoi3jrw5yukzqb635li2id.onion|8333|70016|/Satoshi:0.21.0/|1623531867|1037|687332|None|None|None|0.0|0.0|None|TOR|Tor network
z3jl2izfxwfmqnbbrac3tustn4bngymj2tia2sn7nuyconbmjskedtyd.onion|8333|70016|/Satoshi:0.21.1/|1623527921|1037|687334|None|None|None|0.0|0.0|None|TOR|Tor network
z4taqemsfkwg2agxvtjzjtyjym5eo2ldvc3tid7j3mlbe75obh27zsqd.onion|8333|70016|/Satoshi:21.99.0/|1623527932|1033|687329|None|None|None|0.0|0.0|None|TOR|Tor network
z6mbqq7llxlrn4kq.onion|8333|70016|/Satoshi:0.21.0(@wiz)/|1623527958|1037|687329|None|None|None|0.0|0.0|None|TOR|Tor network
z6me7rjnbz3hei7l.onion|8333|70015|/Satoshi:0.18.1/|1623527918|1037|687326|None|None|None|0.0|0.0|None|TOR|Tor network
z7dtds53uyriidgavpr2oeod4gj3nzgnyisunbecy4gbifmw42vl7myd.onion|8333|70016|/Satoshi:0.21.0/|1623527923|1033|687327|None|None|None|0.0|0.0|None|TOR|Tor network
z7mnfx2hum7a7onnji5vgcdqg52apph4vahhjgttur5qfiejtdzu4ead.onion|8333|70016|/Satoshi:0.21.0/|1623527912|1037|687327|None|None|None|0.0|0.0|None|TOR|Tor network
z7worc5vfijspykf.onion|8333|70015|/Satoshi:0.20.1/|1623529906|1037|687334|None|None|None|0.0|0.0|None|TOR|Tor network
zawsnagsofmsae4q.onion|8333|70015|/Satoshi:0.20.0/|1623527921|1037|687332|None|None|None|0.0|0.0|None|TOR|Tor network
zbvv4bvvsavvkwxb.onion|8333|70015|/Satoshi:0.20.1/|1623527920|1033|687333|None|None|None|0.0|0.0|None|TOR|Tor network
zcoxv2ufs5niafzq.onion|8333|70015|/Satoshi:0.20.1/|1623529905|1033|687332|None|None|None|0.0|0.0|None|TOR|Tor network
zi4cn5lfqessnb4a.onion|8333|70015|/Satoshi:0.20.1/|1623527918|1033|687332|None|None|None|0.0|0.0|None|TOR|Tor network
zn6kuxywqg4r3cbv.onion|8333|70015|/Satoshi:0.20.1/|1623529906|1037|687332|None|None|None|0.0|0.0|None|TOR|Tor network
zqa4fi73v2h2pcuy.onion|8333|70016|/Satoshi:0.21.1/|1623527925|1033|687326|None|None|None|0.0|0.0|None|TOR|Tor network
zqmf7ib5ecudix6p.onion|8333|70015|/Satoshi:0.20.1/|1623529906|1033|687332|None|None|None|0.0|0.0|None|TOR|Tor network
zxshtzefjqmblyhh.onion|8333|70015|/Satoshi:0.20.0/|1623527917|1037|687332|None|None|None|0.0|0.0|None|TOR|Tor network
zxyr6ppnn6hqp6fx.onion|8333|70016|/Satoshi:0.21.1/|1623529935|1033|687332|None|None|None|0.0|0.0|None|TOR|Tor network
zya3hdn3swxwvuuojhywlleu46mnavq7r7ddhwqpbaw3ed3xrrcrwgad.onion|8333|70016|/Satoshi:0.21.1/|1623527918|1037|687328|None|None|None|0.0|0.0|None|TOR|Tor network
